<?xml version="1.0" encoding="UTF-8"?>
<!-- Generated by org.testng.reporters.JUnitXMLReporter -->
<testsuite ignored="7" hostname="DESKTOP-4MEIVF5" failures="7" tests="47" name="Test" time="107.269" errors="0" timestamp="2023-03-10T00:03:21 EST">
  <testcase classname="dsalgo_Testscenarios.Login_TC" name="a_opensign_inpage" time="5.119"/>
  <testcase classname="dsalgo_Testscenarios.Login_TC" name="sign_inpage" time="0.569"/>
  <testcase classname="dsalgo_Testscenarios.Login_TC" name="aa_loginDDT" time="1.566">
    <failure type="java.lang.AssertionError" message="expected [true] but found [false]">
      <![CDATA[java.lang.AssertionError: expected [true] but found [false]
at dsalgo_Testscenarios.Login_TC.aa_loginDDT(Login_TC.java:71)
at java.base/java.util.ArrayList.forEach(ArrayList.java:1511)
... Removed 29 stack frames]]>
    </failure>
  </testcase> <!-- aa_loginDDT -->
  <testcase classname="dsalgo_Testscenarios.Login_TC" name="aa_loginDDT" time="1.442"/>
  <testcase classname="dsalgo_Testscenarios.Data_Structures_TC" name="Timecomplex" time="1.388"/>
  <testcase classname="dsalgo_Testscenarios.Data_Structures_TC" name="DSText_editor" time="2.868"/>
  <testcase classname="dsalgo_Testscenarios.Arraypage_TC" name="Arraypage" time="0.447"/>
  <testcase classname="dsalgo_Testscenarios.Arraypage_TC" name="arraysinpython" time="3.208"/>
  <testcase classname="dsalgo_Testscenarios.Arraypage_TC" name="arraysinpython" time="1.022"/>
  <testcase classname="dsalgo_Testscenarios.Arraypage_TC" name="arraysinpython" time="0.995">
    <failure type="java.lang.AssertionError" message="expected [true] but found [false]">
      <![CDATA[java.lang.AssertionError: expected [true] but found [false]
at dsalgo_Testscenarios.Arraypage_TC.arraysinpython(Arraypage_TC.java:55)
at java.base/java.util.ArrayList.forEach(ArrayList.java:1511)
... Removed 29 stack frames]]>
    </failure>
  </testcase> <!-- arraysinpython -->
  <testcase classname="dsalgo_Testscenarios.Arraypage_TC" name="arraysusinglist" time="2.543"/>
  <testcase classname="dsalgo_Testscenarios.Arraypage_TC" name="arraysusinglist" time="3.106"/>
  <testcase classname="dsalgo_Testscenarios.Arraypage_TC" name="arraysusinglist" time="4.479">
    <failure type="java.lang.AssertionError" message="expected [true] but found [false]">
      <![CDATA[java.lang.AssertionError: expected [true] but found [false]
at dsalgo_Testscenarios.Arraypage_TC.arraysusinglist(Arraypage_TC.java:85)
at java.base/java.util.ArrayList.forEach(ArrayList.java:1511)
... Removed 29 stack frames]]>
    </failure>
  </testcase> <!-- arraysusinglist -->
  <testcase classname="dsalgo_Testscenarios.Arraypage_TC" name="Basic_Oprtations_list" time="2.589"/>
  <testcase classname="dsalgo_Testscenarios.Arraypage_TC" name="Basic_Oprtations_list" time="1.596"/>
  <testcase classname="dsalgo_Testscenarios.Arraypage_TC" name="Basic_Oprtations_list" time="1.816">
    <failure type="java.lang.AssertionError" message="expected [true] but found [false]">
      <![CDATA[java.lang.AssertionError: expected [true] but found [false]
at dsalgo_Testscenarios.Arraypage_TC.Basic_Oprtations_list(Arraypage_TC.java:113)
at java.base/java.util.ArrayList.forEach(ArrayList.java:1511)
... Removed 29 stack frames]]>
    </failure>
  </testcase> <!-- Basic_Oprtations_list -->
  <testcase classname="dsalgo_Testscenarios.Arraypage_TC" name="Applications_of_Array" time="4.354"/>
  <testcase classname="dsalgo_Testscenarios.Arraypage_TC" name="Applications_of_Array" time="1.427"/>
  <testcase classname="dsalgo_Testscenarios.Arraypage_TC" name="Applications_of_Array" time="1.296">
    <failure type="java.lang.AssertionError" message="expected [true] but found [false]">
      <![CDATA[java.lang.AssertionError: expected [true] but found [false]
at dsalgo_Testscenarios.Arraypage_TC.Applications_of_Array(Arraypage_TC.java:141)
at java.base/java.util.ArrayList.forEach(ArrayList.java:1511)
... Removed 29 stack frames]]>
    </failure>
  </testcase> <!-- Applications_of_Array -->
  <testcase classname="dsalgo_Testscenarios.Arraypage_TC" name="Practice_Questions" time="0.72">
    <failure type="java.lang.AssertionError" message="expected [true] but found [false]">
      <![CDATA[java.lang.AssertionError: expected [true] but found [false]
at dsalgo_Testscenarios.Arraypage_TC.assertverify_practiceq(Arraypage_TC.java:291)
at dsalgo_Testscenarios.Arraypage_TC.Practice_Questions(Arraypage_TC.java:157)
at java.base/java.util.ArrayList.forEach(ArrayList.java:1511)
... Removed 29 stack frames]]>
    </failure>
  </testcase> <!-- Practice_Questions -->
  <testcase classname="dsalgo_Testscenarios.Arraypage_TC" name="Final" time="0.262"/>
  <testcase classname="dsalgo_Testscenarios.LinkedList_TC" name="Linkedlistpage" time="0.308"/>
  <testcase classname="dsalgo_Testscenarios.LinkedList_TC" name="LinkedList_Introduction" time="0.957"/>
  <testcase classname="dsalgo_Testscenarios.LinkedList_TC" name="LinkedList_Create" time="0.882"/>
  <testcase classname="dsalgo_Testscenarios.LinkedList_TC" name="LinkedList_Types" time="1.098"/>
  <testcase classname="dsalgo_Testscenarios.LinkedList_TC" name="LinkedList_implement" time="0.952"/>
  <testcase classname="dsalgo_Testscenarios.LinkedList_TC" name="LinkedList_trasversal" time="1.36"/>
  <testcase classname="dsalgo_Testscenarios.LinkedList_TC" name="LinkedList_insertion" time="1.309"/>
  <testcase classname="dsalgo_Testscenarios.LinkedList_TC" name="LinkedList_Deletion" time="1.369"/>
  <testcase classname="dsalgo_Testscenarios.LinkedList_TC" name="LinkedList_PracticeQuestion" time="0.471"/>
  <testcase classname="dsalgo_Testscenarios.Stack_TC" name="b_Stackpage" time="1.321"/>
  <testcase classname="dsalgo_Testscenarios.Stack_TC" name="exuteoperationinstack" time="1.397"/>
  <testcase classname="dsalgo_Testscenarios.Stack_TC" name="exuteImplemation" time="1.342"/>
  <testcase classname="dsalgo_Testscenarios.Stack_TC" name="exutapplications" time="1.454"/>
  <testcase classname="dsalgo_Testscenarios.Stack_TC" name="excutepracticequestions" time="2.118"/>
  <testcase classname="dsalgo_Testscenarios.Queue_TC" name="b_Queuepage" time="1.351"/>
  <testcase classname="dsalgo_Testscenarios.Queue_TC" name="exutePythonCode" time="0.807"/>
  <testcase classname="dsalgo_Testscenarios.Queue_TC" name="exuteCollectionse" time="1.082"/>
  <testcase classname="dsalgo_Testscenarios.Queue_TC" name="excuteusingarray" time="1.397"/>
  <testcase classname="dsalgo_Testscenarios.Queue_TC" name="excuteQueueOperation" time="1.172"/>
  <testcase classname="dsalgo_Testscenarios.Queue_TC" name="excutepracticequestions" time="0.842"/>
  <testcase classname="dsalgo_Testscenarios.Tree_TC" name="Tree" time="6.298"/>
  <testcase classname="dsalgo_Testscenarios.Tree_TC" name="Tree_TextEditor" time="2.576"/>
  <testcase classname="dsalgo_Testscenarios.Tree_TC" name="back_to_Home" time="2.185"/>
  <testcase classname="dsalgo_Testscenarios.Graph_TC" name="graphpage" time="5.133"/>
  <testcase classname="dsalgo_Testscenarios.Graph_TC" name="graphText_Editor" time="2.642"/>
  <testcase classname="dsalgo_Testscenarios.Graph_TC" name="back_to_home" time="0.155">
    <failure type="java.lang.AssertionError" message="expected [true] but found [false]">
      <![CDATA[java.lang.AssertionError: expected [true] but found [false]
at dsalgo_Testscenarios.Graph_TC.back_to_home(Graph_TC.java:134)
at java.base/java.util.ArrayList.forEach(ArrayList.java:1511)
... Removed 29 stack frames]]>
    </failure>
  </testcase> <!-- back_to_home -->
  <testcase classname="dsalgo_Testscenarios.BaseClass" name="@AfterSuite quit" time="0.0">
    <ignored/>
  </testcase> <!-- @AfterSuite quit -->
  <testcase classname="dsalgo_Testscenarios.BaseClass" name="@AfterSuite quit" time="0.0">
    <ignored/>
  </testcase> <!-- @AfterSuite quit -->
  <testcase classname="dsalgo_Testscenarios.BaseClass" name="@AfterSuite quit" time="0.0">
    <ignored/>
  </testcase> <!-- @AfterSuite quit -->
  <testcase classname="dsalgo_Testscenarios.BaseClass" name="@AfterSuite quit" time="0.0">
    <ignored/>
  </testcase> <!-- @AfterSuite quit -->
  <testcase classname="dsalgo_Testscenarios.BaseClass" name="@AfterSuite quit" time="0.0">
    <ignored/>
  </testcase> <!-- @AfterSuite quit -->
  <testcase classname="dsalgo_Testscenarios.BaseClass" name="@AfterSuite quit" time="0.0">
    <ignored/>
  </testcase> <!-- @AfterSuite quit -->
  <testcase classname="dsalgo_Testscenarios.BaseClass" name="@AfterSuite quit" time="0.0">
    <ignored/>
  </testcase> <!-- @AfterSuite quit -->
</testsuite> <!-- Test -->
