<html>
<head>
<title>TestNG:  Test</title>
<link href="../testng.css" rel="stylesheet" type="text/css" />
<link href="../my-testng.css" rel="stylesheet" type="text/css" />

<style type="text/css">
.log { display: none;} 
.stack-trace { display: none;} 
</style>
<script type="text/javascript">
<!--
function flip(e) {
  current = e.style.display;
  if (current == 'block') {
    e.style.display = 'none';
    return 0;
  }
  else {
    e.style.display = 'block';
    return 1;
  }
}

function toggleBox(szDivId, elem, msg1, msg2)
{
  var res = -1;  if (document.getElementById) {
    res = flip(document.getElementById(szDivId));
  }
  else if (document.all) {
    // this is the way old msie versions work
    res = flip(document.all[szDivId]);
  }
  if(elem) {
    if(res == 0) elem.innerHTML = msg1; else elem.innerHTML = msg2;
  }

}

function toggleAllBoxes() {
  if (document.getElementsByTagName) {
    d = document.getElementsByTagName('div');
    for (i = 0; i < d.length; i++) {
      if (d[i].className == 'log') {
        flip(d[i]);
      }
    }
  }
}

// -->
</script>

</head>
<body>
<h2 align='center'>Test</h2><table border='1' align="center">
<tr>
<td>Tests passed/Failed/Skipped:</td><td>40/7/0</td>
</tr><tr>
<td>Started on:</td><td>Thu Mar 09 19:20:53 EST 2023</td>
</tr>
<tr><td>Total time:</td><td>83 seconds (83065 ms)</td>
</tr><tr>
<td>Included groups:</td><td></td>
</tr><tr>
<td>Excluded groups:</td><td></td>
</tr>
</table><p/>
<small><i>(Hover the method name to see the test class name)</i></small><p/>
<table width='100%' border='1' class='invocation-failed'>
<tr><td colspan='4' align='center'><b>FAILED TESTS</b></td></tr>
<tr><td><b>Test method</b></td>
<td><b>Attribute(s)</b></td>
<td width="30%"><b>Exception</b></td>
<td width="10%"><b>Time (seconds)</b></td>
<td><b>Instance</b></td>
</tr>
<tr>
<td title='dsalgo_Testscenarios.Arraypage_TC.arraysusinglist()'><b>arraysusinglist</b><br>Test class: dsalgo_Testscenarios.Arraypage_TC<br>Parameters: kanthi</td>
<td><div><pre>java.lang.AssertionError: expected [true] but found [false]
	at dsalgo_Testscenarios.Arraypage_TC.arraysusinglist(Arraypage_TC.java:85)
	at java.base/java.util.ArrayList.forEach(ArrayList.java:1511)
... Removed 33 stack frames</pre></div><a href='#' onClick='toggleBox("stack-trace2101686389", this, "Click to show all stack frames", "Click to hide stack frames")'>Click to show all stack frames</a>
<div class='stack-trace' id='stack-trace2101686389'><pre>java.lang.AssertionError: expected [true] but found [false]
	at org.testng.Assert.fail(Assert.java:110)
	at org.testng.Assert.failNotEquals(Assert.java:1577)
	at org.testng.Assert.assertTrue(Assert.java:56)
	at org.testng.Assert.assertTrue(Assert.java:66)
	at dsalgo_Testscenarios.Arraypage_TC.arraysusinglist(Arraypage_TC.java:85)
	at java.base/jdk.internal.reflect.DirectMethodHandleAccessor.invoke(DirectMethodHandleAccessor.java:104)
	at java.base/java.lang.reflect.Method.invoke(Method.java:578)
	at org.testng.internal.invokers.MethodInvocationHelper.invokeMethod(MethodInvocationHelper.java:139)
	at org.testng.internal.invokers.TestInvoker.invokeMethod(TestInvoker.java:677)
	at org.testng.internal.invokers.TestInvoker.invokeTestMethod(TestInvoker.java:221)
	at org.testng.internal.invokers.MethodRunner.runInSequence(MethodRunner.java:50)
	at org.testng.internal.invokers.TestInvoker$MethodInvocationAgent.invoke(TestInvoker.java:969)
	at org.testng.internal.invokers.TestInvoker.invokeTestMethods(TestInvoker.java:194)
	at org.testng.internal.invokers.TestMethodWorker.invokeTestMethods(TestMethodWorker.java:148)
	at org.testng.internal.invokers.TestMethodWorker.run(TestMethodWorker.java:128)
	at java.base/java.util.ArrayList.forEach(ArrayList.java:1511)
	at org.testng.TestRunner.privateRun(TestRunner.java:829)
	at org.testng.TestRunner.run(TestRunner.java:602)
	at org.testng.SuiteRunner.runTest(SuiteRunner.java:437)
	at org.testng.SuiteRunner.runSequentially(SuiteRunner.java:431)
	at org.testng.SuiteRunner.privateRun(SuiteRunner.java:391)
	at org.testng.SuiteRunner.run(SuiteRunner.java:330)
	at org.testng.SuiteRunnerWorker.runSuite(SuiteRunnerWorker.java:52)
	at org.testng.SuiteRunnerWorker.run(SuiteRunnerWorker.java:95)
	at org.testng.TestNG.runSuitesSequentially(TestNG.java:1256)
	at org.testng.TestNG.runSuitesLocally(TestNG.java:1176)
	at org.testng.TestNG.runSuites(TestNG.java:1099)
	at org.testng.TestNG.run(TestNG.java:1067)
	at org.apache.maven.surefire.testng.TestNGExecutor.run(TestNGExecutor.java:283)
	at org.apache.maven.surefire.testng.TestNGXmlTestSuite.execute(TestNGXmlTestSuite.java:75)
	at org.apache.maven.surefire.testng.TestNGProvider.invoke(TestNGProvider.java:120)
	at org.apache.maven.surefire.booter.ForkedBooter.invokeProviderInSameClassLoader(ForkedBooter.java:384)
	at org.apache.maven.surefire.booter.ForkedBooter.runSuitesInProcess(ForkedBooter.java:345)
	at org.apache.maven.surefire.booter.ForkedBooter.execute(ForkedBooter.java:126)
	at org.apache.maven.surefire.booter.ForkedBooter.main(ForkedBooter.java:418)
</pre></div></td>
<td>1</td>
<td>dsalgo_Testscenarios.Arraypage_TC@3afae281</td></tr>
<tr>
<td title='dsalgo_Testscenarios.Arraypage_TC.Basic_Oprtations_list()'><b>Basic_Oprtations_list</b><br>Test class: dsalgo_Testscenarios.Arraypage_TC<br>Parameters: kanthi</td>
<td><div><pre>java.lang.AssertionError: expected [true] but found [false]
	at dsalgo_Testscenarios.Arraypage_TC.Basic_Oprtations_list(Arraypage_TC.java:113)
	at java.base/java.util.ArrayList.forEach(ArrayList.java:1511)
... Removed 33 stack frames</pre></div><a href='#' onClick='toggleBox("stack-trace1003603952", this, "Click to show all stack frames", "Click to hide stack frames")'>Click to show all stack frames</a>
<div class='stack-trace' id='stack-trace1003603952'><pre>java.lang.AssertionError: expected [true] but found [false]
	at org.testng.Assert.fail(Assert.java:110)
	at org.testng.Assert.failNotEquals(Assert.java:1577)
	at org.testng.Assert.assertTrue(Assert.java:56)
	at org.testng.Assert.assertTrue(Assert.java:66)
	at dsalgo_Testscenarios.Arraypage_TC.Basic_Oprtations_list(Arraypage_TC.java:113)
	at java.base/jdk.internal.reflect.DirectMethodHandleAccessor.invoke(DirectMethodHandleAccessor.java:104)
	at java.base/java.lang.reflect.Method.invoke(Method.java:578)
	at org.testng.internal.invokers.MethodInvocationHelper.invokeMethod(MethodInvocationHelper.java:139)
	at org.testng.internal.invokers.TestInvoker.invokeMethod(TestInvoker.java:677)
	at org.testng.internal.invokers.TestInvoker.invokeTestMethod(TestInvoker.java:221)
	at org.testng.internal.invokers.MethodRunner.runInSequence(MethodRunner.java:50)
	at org.testng.internal.invokers.TestInvoker$MethodInvocationAgent.invoke(TestInvoker.java:969)
	at org.testng.internal.invokers.TestInvoker.invokeTestMethods(TestInvoker.java:194)
	at org.testng.internal.invokers.TestMethodWorker.invokeTestMethods(TestMethodWorker.java:148)
	at org.testng.internal.invokers.TestMethodWorker.run(TestMethodWorker.java:128)
	at java.base/java.util.ArrayList.forEach(ArrayList.java:1511)
	at org.testng.TestRunner.privateRun(TestRunner.java:829)
	at org.testng.TestRunner.run(TestRunner.java:602)
	at org.testng.SuiteRunner.runTest(SuiteRunner.java:437)
	at org.testng.SuiteRunner.runSequentially(SuiteRunner.java:431)
	at org.testng.SuiteRunner.privateRun(SuiteRunner.java:391)
	at org.testng.SuiteRunner.run(SuiteRunner.java:330)
	at org.testng.SuiteRunnerWorker.runSuite(SuiteRunnerWorker.java:52)
	at org.testng.SuiteRunnerWorker.run(SuiteRunnerWorker.java:95)
	at org.testng.TestNG.runSuitesSequentially(TestNG.java:1256)
	at org.testng.TestNG.runSuitesLocally(TestNG.java:1176)
	at org.testng.TestNG.runSuites(TestNG.java:1099)
	at org.testng.TestNG.run(TestNG.java:1067)
	at org.apache.maven.surefire.testng.TestNGExecutor.run(TestNGExecutor.java:283)
	at org.apache.maven.surefire.testng.TestNGXmlTestSuite.execute(TestNGXmlTestSuite.java:75)
	at org.apache.maven.surefire.testng.TestNGProvider.invoke(TestNGProvider.java:120)
	at org.apache.maven.surefire.booter.ForkedBooter.invokeProviderInSameClassLoader(ForkedBooter.java:384)
	at org.apache.maven.surefire.booter.ForkedBooter.runSuitesInProcess(ForkedBooter.java:345)
	at org.apache.maven.surefire.booter.ForkedBooter.execute(ForkedBooter.java:126)
	at org.apache.maven.surefire.booter.ForkedBooter.main(ForkedBooter.java:418)
</pre></div></td>
<td>1</td>
<td>dsalgo_Testscenarios.Arraypage_TC@3afae281</td></tr>
<tr>
<td title='dsalgo_Testscenarios.Login_TC.aa_loginDDT()'><b>aa_loginDDT</b><br>Test class: dsalgo_Testscenarios.Login_TC<br>Parameters: facebook, Webisite@1</td>
<td><div><pre>java.lang.AssertionError: expected [true] but found [false]
	at dsalgo_Testscenarios.Login_TC.aa_loginDDT(Login_TC.java:71)
	at java.base/java.util.ArrayList.forEach(ArrayList.java:1511)
... Removed 33 stack frames</pre></div><a href='#' onClick='toggleBox("stack-trace618120037", this, "Click to show all stack frames", "Click to hide stack frames")'>Click to show all stack frames</a>
<div class='stack-trace' id='stack-trace618120037'><pre>java.lang.AssertionError: expected [true] but found [false]
	at org.testng.Assert.fail(Assert.java:110)
	at org.testng.Assert.failNotEquals(Assert.java:1577)
	at org.testng.Assert.assertTrue(Assert.java:56)
	at org.testng.Assert.assertTrue(Assert.java:66)
	at dsalgo_Testscenarios.Login_TC.aa_loginDDT(Login_TC.java:71)
	at java.base/jdk.internal.reflect.DirectMethodHandleAccessor.invoke(DirectMethodHandleAccessor.java:104)
	at java.base/java.lang.reflect.Method.invoke(Method.java:578)
	at org.testng.internal.invokers.MethodInvocationHelper.invokeMethod(MethodInvocationHelper.java:139)
	at org.testng.internal.invokers.TestInvoker.invokeMethod(TestInvoker.java:677)
	at org.testng.internal.invokers.TestInvoker.invokeTestMethod(TestInvoker.java:221)
	at org.testng.internal.invokers.MethodRunner.runInSequence(MethodRunner.java:50)
	at org.testng.internal.invokers.TestInvoker$MethodInvocationAgent.invoke(TestInvoker.java:969)
	at org.testng.internal.invokers.TestInvoker.invokeTestMethods(TestInvoker.java:194)
	at org.testng.internal.invokers.TestMethodWorker.invokeTestMethods(TestMethodWorker.java:148)
	at org.testng.internal.invokers.TestMethodWorker.run(TestMethodWorker.java:128)
	at java.base/java.util.ArrayList.forEach(ArrayList.java:1511)
	at org.testng.TestRunner.privateRun(TestRunner.java:829)
	at org.testng.TestRunner.run(TestRunner.java:602)
	at org.testng.SuiteRunner.runTest(SuiteRunner.java:437)
	at org.testng.SuiteRunner.runSequentially(SuiteRunner.java:431)
	at org.testng.SuiteRunner.privateRun(SuiteRunner.java:391)
	at org.testng.SuiteRunner.run(SuiteRunner.java:330)
	at org.testng.SuiteRunnerWorker.runSuite(SuiteRunnerWorker.java:52)
	at org.testng.SuiteRunnerWorker.run(SuiteRunnerWorker.java:95)
	at org.testng.TestNG.runSuitesSequentially(TestNG.java:1256)
	at org.testng.TestNG.runSuitesLocally(TestNG.java:1176)
	at org.testng.TestNG.runSuites(TestNG.java:1099)
	at org.testng.TestNG.run(TestNG.java:1067)
	at org.apache.maven.surefire.testng.TestNGExecutor.run(TestNGExecutor.java:283)
	at org.apache.maven.surefire.testng.TestNGXmlTestSuite.execute(TestNGXmlTestSuite.java:75)
	at org.apache.maven.surefire.testng.TestNGProvider.invoke(TestNGProvider.java:120)
	at org.apache.maven.surefire.booter.ForkedBooter.invokeProviderInSameClassLoader(ForkedBooter.java:384)
	at org.apache.maven.surefire.booter.ForkedBooter.runSuitesInProcess(ForkedBooter.java:345)
	at org.apache.maven.surefire.booter.ForkedBooter.execute(ForkedBooter.java:126)
	at org.apache.maven.surefire.booter.ForkedBooter.main(ForkedBooter.java:418)
</pre></div></td>
<td>1</td>
<td>dsalgo_Testscenarios.Login_TC@770b3be0</td></tr>
<tr>
<td title='dsalgo_Testscenarios.Graph_TC.back_to_home()'><b>back_to_home</b><br>Test class: dsalgo_Testscenarios.Graph_TC</td>
<td><div><pre>java.lang.AssertionError: expected [true] but found [false]
	at dsalgo_Testscenarios.Graph_TC.back_to_home(Graph_TC.java:134)
	at java.base/java.util.ArrayList.forEach(ArrayList.java:1511)
... Removed 33 stack frames</pre></div><a href='#' onClick='toggleBox("stack-trace593773415", this, "Click to show all stack frames", "Click to hide stack frames")'>Click to show all stack frames</a>
<div class='stack-trace' id='stack-trace593773415'><pre>java.lang.AssertionError: expected [true] but found [false]
	at org.testng.Assert.fail(Assert.java:110)
	at org.testng.Assert.failNotEquals(Assert.java:1577)
	at org.testng.Assert.assertTrue(Assert.java:56)
	at org.testng.Assert.assertTrue(Assert.java:66)
	at dsalgo_Testscenarios.Graph_TC.back_to_home(Graph_TC.java:134)
	at java.base/jdk.internal.reflect.DirectMethodHandleAccessor.invoke(DirectMethodHandleAccessor.java:104)
	at java.base/java.lang.reflect.Method.invoke(Method.java:578)
	at org.testng.internal.invokers.MethodInvocationHelper.invokeMethod(MethodInvocationHelper.java:139)
	at org.testng.internal.invokers.TestInvoker.invokeMethod(TestInvoker.java:677)
	at org.testng.internal.invokers.TestInvoker.invokeTestMethod(TestInvoker.java:221)
	at org.testng.internal.invokers.MethodRunner.runInSequence(MethodRunner.java:50)
	at org.testng.internal.invokers.TestInvoker$MethodInvocationAgent.invoke(TestInvoker.java:969)
	at org.testng.internal.invokers.TestInvoker.invokeTestMethods(TestInvoker.java:194)
	at org.testng.internal.invokers.TestMethodWorker.invokeTestMethods(TestMethodWorker.java:148)
	at org.testng.internal.invokers.TestMethodWorker.run(TestMethodWorker.java:128)
	at java.base/java.util.ArrayList.forEach(ArrayList.java:1511)
	at org.testng.TestRunner.privateRun(TestRunner.java:829)
	at org.testng.TestRunner.run(TestRunner.java:602)
	at org.testng.SuiteRunner.runTest(SuiteRunner.java:437)
	at org.testng.SuiteRunner.runSequentially(SuiteRunner.java:431)
	at org.testng.SuiteRunner.privateRun(SuiteRunner.java:391)
	at org.testng.SuiteRunner.run(SuiteRunner.java:330)
	at org.testng.SuiteRunnerWorker.runSuite(SuiteRunnerWorker.java:52)
	at org.testng.SuiteRunnerWorker.run(SuiteRunnerWorker.java:95)
	at org.testng.TestNG.runSuitesSequentially(TestNG.java:1256)
	at org.testng.TestNG.runSuitesLocally(TestNG.java:1176)
	at org.testng.TestNG.runSuites(TestNG.java:1099)
	at org.testng.TestNG.run(TestNG.java:1067)
	at org.apache.maven.surefire.testng.TestNGExecutor.run(TestNGExecutor.java:283)
	at org.apache.maven.surefire.testng.TestNGXmlTestSuite.execute(TestNGXmlTestSuite.java:75)
	at org.apache.maven.surefire.testng.TestNGProvider.invoke(TestNGProvider.java:120)
	at org.apache.maven.surefire.booter.ForkedBooter.invokeProviderInSameClassLoader(ForkedBooter.java:384)
	at org.apache.maven.surefire.booter.ForkedBooter.runSuitesInProcess(ForkedBooter.java:345)
	at org.apache.maven.surefire.booter.ForkedBooter.execute(ForkedBooter.java:126)
	at org.apache.maven.surefire.booter.ForkedBooter.main(ForkedBooter.java:418)
</pre></div></td>
<td>0</td>
<td>dsalgo_Testscenarios.Graph_TC@3be4f71</td></tr>
<tr>
<td title='dsalgo_Testscenarios.Arraypage_TC.Practice_Questions()'><b>Practice_Questions</b><br>Test class: dsalgo_Testscenarios.Arraypage_TC</td>
<td><div><pre>java.lang.AssertionError: expected [true] but found [false]
	at dsalgo_Testscenarios.Arraypage_TC.assertverify_practiceq(Arraypage_TC.java:291)
	at dsalgo_Testscenarios.Arraypage_TC.Practice_Questions(Arraypage_TC.java:157)
	at java.base/java.util.ArrayList.forEach(ArrayList.java:1511)
... Removed 33 stack frames</pre></div><a href='#' onClick='toggleBox("stack-trace665370529", this, "Click to show all stack frames", "Click to hide stack frames")'>Click to show all stack frames</a>
<div class='stack-trace' id='stack-trace665370529'><pre>java.lang.AssertionError: expected [true] but found [false]
	at org.testng.Assert.fail(Assert.java:110)
	at org.testng.Assert.failNotEquals(Assert.java:1577)
	at org.testng.Assert.assertTrue(Assert.java:56)
	at org.testng.Assert.assertTrue(Assert.java:66)
	at dsalgo_Testscenarios.Arraypage_TC.assertverify_practiceq(Arraypage_TC.java:291)
	at dsalgo_Testscenarios.Arraypage_TC.Practice_Questions(Arraypage_TC.java:157)
	at java.base/jdk.internal.reflect.DirectMethodHandleAccessor.invoke(DirectMethodHandleAccessor.java:104)
	at java.base/java.lang.reflect.Method.invoke(Method.java:578)
	at org.testng.internal.invokers.MethodInvocationHelper.invokeMethod(MethodInvocationHelper.java:139)
	at org.testng.internal.invokers.TestInvoker.invokeMethod(TestInvoker.java:677)
	at org.testng.internal.invokers.TestInvoker.invokeTestMethod(TestInvoker.java:221)
	at org.testng.internal.invokers.MethodRunner.runInSequence(MethodRunner.java:50)
	at org.testng.internal.invokers.TestInvoker$MethodInvocationAgent.invoke(TestInvoker.java:969)
	at org.testng.internal.invokers.TestInvoker.invokeTestMethods(TestInvoker.java:194)
	at org.testng.internal.invokers.TestMethodWorker.invokeTestMethods(TestMethodWorker.java:148)
	at org.testng.internal.invokers.TestMethodWorker.run(TestMethodWorker.java:128)
	at java.base/java.util.ArrayList.forEach(ArrayList.java:1511)
	at org.testng.TestRunner.privateRun(TestRunner.java:829)
	at org.testng.TestRunner.run(TestRunner.java:602)
	at org.testng.SuiteRunner.runTest(SuiteRunner.java:437)
	at org.testng.SuiteRunner.runSequentially(SuiteRunner.java:431)
	at org.testng.SuiteRunner.privateRun(SuiteRunner.java:391)
	at org.testng.SuiteRunner.run(SuiteRunner.java:330)
	at org.testng.SuiteRunnerWorker.runSuite(SuiteRunnerWorker.java:52)
	at org.testng.SuiteRunnerWorker.run(SuiteRunnerWorker.java:95)
	at org.testng.TestNG.runSuitesSequentially(TestNG.java:1256)
	at org.testng.TestNG.runSuitesLocally(TestNG.java:1176)
	at org.testng.TestNG.runSuites(TestNG.java:1099)
	at org.testng.TestNG.run(TestNG.java:1067)
	at org.apache.maven.surefire.testng.TestNGExecutor.run(TestNGExecutor.java:283)
	at org.apache.maven.surefire.testng.TestNGXmlTestSuite.execute(TestNGXmlTestSuite.java:75)
	at org.apache.maven.surefire.testng.TestNGProvider.invoke(TestNGProvider.java:120)
	at org.apache.maven.surefire.booter.ForkedBooter.invokeProviderInSameClassLoader(ForkedBooter.java:384)
	at org.apache.maven.surefire.booter.ForkedBooter.runSuitesInProcess(ForkedBooter.java:345)
	at org.apache.maven.surefire.booter.ForkedBooter.execute(ForkedBooter.java:126)
	at org.apache.maven.surefire.booter.ForkedBooter.main(ForkedBooter.java:418)
</pre></div></td>
<td>0</td>
<td>dsalgo_Testscenarios.Arraypage_TC@3afae281</td></tr>
<tr>
<td title='dsalgo_Testscenarios.Arraypage_TC.arraysinpython()'><b>arraysinpython</b><br>Test class: dsalgo_Testscenarios.Arraypage_TC<br>Parameters: kanthi</td>
<td><div><pre>java.lang.AssertionError: expected [true] but found [false]
	at dsalgo_Testscenarios.Arraypage_TC.arraysinpython(Arraypage_TC.java:55)
	at java.base/java.util.ArrayList.forEach(ArrayList.java:1511)
... Removed 33 stack frames</pre></div><a href='#' onClick='toggleBox("stack-trace627283560", this, "Click to show all stack frames", "Click to hide stack frames")'>Click to show all stack frames</a>
<div class='stack-trace' id='stack-trace627283560'><pre>java.lang.AssertionError: expected [true] but found [false]
	at org.testng.Assert.fail(Assert.java:110)
	at org.testng.Assert.failNotEquals(Assert.java:1577)
	at org.testng.Assert.assertTrue(Assert.java:56)
	at org.testng.Assert.assertTrue(Assert.java:66)
	at dsalgo_Testscenarios.Arraypage_TC.arraysinpython(Arraypage_TC.java:55)
	at java.base/jdk.internal.reflect.DirectMethodHandleAccessor.invoke(DirectMethodHandleAccessor.java:104)
	at java.base/java.lang.reflect.Method.invoke(Method.java:578)
	at org.testng.internal.invokers.MethodInvocationHelper.invokeMethod(MethodInvocationHelper.java:139)
	at org.testng.internal.invokers.TestInvoker.invokeMethod(TestInvoker.java:677)
	at org.testng.internal.invokers.TestInvoker.invokeTestMethod(TestInvoker.java:221)
	at org.testng.internal.invokers.MethodRunner.runInSequence(MethodRunner.java:50)
	at org.testng.internal.invokers.TestInvoker$MethodInvocationAgent.invoke(TestInvoker.java:969)
	at org.testng.internal.invokers.TestInvoker.invokeTestMethods(TestInvoker.java:194)
	at org.testng.internal.invokers.TestMethodWorker.invokeTestMethods(TestMethodWorker.java:148)
	at org.testng.internal.invokers.TestMethodWorker.run(TestMethodWorker.java:128)
	at java.base/java.util.ArrayList.forEach(ArrayList.java:1511)
	at org.testng.TestRunner.privateRun(TestRunner.java:829)
	at org.testng.TestRunner.run(TestRunner.java:602)
	at org.testng.SuiteRunner.runTest(SuiteRunner.java:437)
	at org.testng.SuiteRunner.runSequentially(SuiteRunner.java:431)
	at org.testng.SuiteRunner.privateRun(SuiteRunner.java:391)
	at org.testng.SuiteRunner.run(SuiteRunner.java:330)
	at org.testng.SuiteRunnerWorker.runSuite(SuiteRunnerWorker.java:52)
	at org.testng.SuiteRunnerWorker.run(SuiteRunnerWorker.java:95)
	at org.testng.TestNG.runSuitesSequentially(TestNG.java:1256)
	at org.testng.TestNG.runSuitesLocally(TestNG.java:1176)
	at org.testng.TestNG.runSuites(TestNG.java:1099)
	at org.testng.TestNG.run(TestNG.java:1067)
	at org.apache.maven.surefire.testng.TestNGExecutor.run(TestNGExecutor.java:283)
	at org.apache.maven.surefire.testng.TestNGXmlTestSuite.execute(TestNGXmlTestSuite.java:75)
	at org.apache.maven.surefire.testng.TestNGProvider.invoke(TestNGProvider.java:120)
	at org.apache.maven.surefire.booter.ForkedBooter.invokeProviderInSameClassLoader(ForkedBooter.java:384)
	at org.apache.maven.surefire.booter.ForkedBooter.runSuitesInProcess(ForkedBooter.java:345)
	at org.apache.maven.surefire.booter.ForkedBooter.execute(ForkedBooter.java:126)
	at org.apache.maven.surefire.booter.ForkedBooter.main(ForkedBooter.java:418)
</pre></div></td>
<td>0</td>
<td>dsalgo_Testscenarios.Arraypage_TC@3afae281</td></tr>
<tr>
<td title='dsalgo_Testscenarios.Arraypage_TC.Applications_of_Array()'><b>Applications_of_Array</b><br>Test class: dsalgo_Testscenarios.Arraypage_TC<br>Parameters: kanthi</td>
<td><div><pre>java.lang.AssertionError: expected [true] but found [false]
	at dsalgo_Testscenarios.Arraypage_TC.Applications_of_Array(Arraypage_TC.java:141)
	at java.base/java.util.ArrayList.forEach(ArrayList.java:1511)
... Removed 33 stack frames</pre></div><a href='#' onClick='toggleBox("stack-trace903928094", this, "Click to show all stack frames", "Click to hide stack frames")'>Click to show all stack frames</a>
<div class='stack-trace' id='stack-trace903928094'><pre>java.lang.AssertionError: expected [true] but found [false]
	at org.testng.Assert.fail(Assert.java:110)
	at org.testng.Assert.failNotEquals(Assert.java:1577)
	at org.testng.Assert.assertTrue(Assert.java:56)
	at org.testng.Assert.assertTrue(Assert.java:66)
	at dsalgo_Testscenarios.Arraypage_TC.Applications_of_Array(Arraypage_TC.java:141)
	at java.base/jdk.internal.reflect.DirectMethodHandleAccessor.invoke(DirectMethodHandleAccessor.java:104)
	at java.base/java.lang.reflect.Method.invoke(Method.java:578)
	at org.testng.internal.invokers.MethodInvocationHelper.invokeMethod(MethodInvocationHelper.java:139)
	at org.testng.internal.invokers.TestInvoker.invokeMethod(TestInvoker.java:677)
	at org.testng.internal.invokers.TestInvoker.invokeTestMethod(TestInvoker.java:221)
	at org.testng.internal.invokers.MethodRunner.runInSequence(MethodRunner.java:50)
	at org.testng.internal.invokers.TestInvoker$MethodInvocationAgent.invoke(TestInvoker.java:969)
	at org.testng.internal.invokers.TestInvoker.invokeTestMethods(TestInvoker.java:194)
	at org.testng.internal.invokers.TestMethodWorker.invokeTestMethods(TestMethodWorker.java:148)
	at org.testng.internal.invokers.TestMethodWorker.run(TestMethodWorker.java:128)
	at java.base/java.util.ArrayList.forEach(ArrayList.java:1511)
	at org.testng.TestRunner.privateRun(TestRunner.java:829)
	at org.testng.TestRunner.run(TestRunner.java:602)
	at org.testng.SuiteRunner.runTest(SuiteRunner.java:437)
	at org.testng.SuiteRunner.runSequentially(SuiteRunner.java:431)
	at org.testng.SuiteRunner.privateRun(SuiteRunner.java:391)
	at org.testng.SuiteRunner.run(SuiteRunner.java:330)
	at org.testng.SuiteRunnerWorker.runSuite(SuiteRunnerWorker.java:52)
	at org.testng.SuiteRunnerWorker.run(SuiteRunnerWorker.java:95)
	at org.testng.TestNG.runSuitesSequentially(TestNG.java:1256)
	at org.testng.TestNG.runSuitesLocally(TestNG.java:1176)
	at org.testng.TestNG.runSuites(TestNG.java:1099)
	at org.testng.TestNG.run(TestNG.java:1067)
	at org.apache.maven.surefire.testng.TestNGExecutor.run(TestNGExecutor.java:283)
	at org.apache.maven.surefire.testng.TestNGXmlTestSuite.execute(TestNGXmlTestSuite.java:75)
	at org.apache.maven.surefire.testng.TestNGProvider.invoke(TestNGProvider.java:120)
	at org.apache.maven.surefire.booter.ForkedBooter.invokeProviderInSameClassLoader(ForkedBooter.java:384)
	at org.apache.maven.surefire.booter.ForkedBooter.runSuitesInProcess(ForkedBooter.java:345)
	at org.apache.maven.surefire.booter.ForkedBooter.execute(ForkedBooter.java:126)
	at org.apache.maven.surefire.booter.ForkedBooter.main(ForkedBooter.java:418)
</pre></div></td>
<td>0</td>
<td>dsalgo_Testscenarios.Arraypage_TC@3afae281</td></tr>
</table><p>
<table width='100%' border='1' class='invocation-passed'>
<tr><td colspan='4' align='center'><b>PASSED TESTS</b></td></tr>
<tr><td><b>Test method</b></td>
<td><b>Attribute(s)</b></td>
<td width="30%"><b>Exception</b></td>
<td width="10%"><b>Time (seconds)</b></td>
<td><b>Instance</b></td>
</tr>
<tr>
<td title='dsalgo_Testscenarios.Arraypage_TC.arraysinpython()'><b>arraysinpython</b><br>Test class: dsalgo_Testscenarios.Arraypage_TC<br>Parameters: grocery = ["apples", "banana", "cucumbers", "dates","strawberries"]
grocery.insert(2, "carrots")
print (grocery);</td>
<td></td>
<td>1</td>
<td>dsalgo_Testscenarios.Arraypage_TC@3afae281</td></tr>
<tr>
<td title='dsalgo_Testscenarios.Tree_TC.back_to_Home()'><b>back_to_Home</b><br>Test class: dsalgo_Testscenarios.Tree_TC</td>
<td></td>
<td>2</td>
<td>dsalgo_Testscenarios.Tree_TC@51827393</td></tr>
<tr>
<td title='dsalgo_Testscenarios.LinkedList_TC.Linkedlistpage()'><b>Linkedlistpage</b><br>Test class: dsalgo_Testscenarios.LinkedList_TC</td>
<td></td>
<td>0</td>
<td>dsalgo_Testscenarios.LinkedList_TC@26ae880a</td></tr>
<tr>
<td title='dsalgo_Testscenarios.Arraypage_TC.Basic_Oprtations_list()'><b>Basic_Oprtations_list</b><br>Test class: dsalgo_Testscenarios.Arraypage_TC<br>Parameters: grocery = ["apples", "banana", "cucumbers", "dates","strawberries"]
grocery.insert(2, "carrots")
print (grocery);</td>
<td></td>
<td>1</td>
<td>dsalgo_Testscenarios.Arraypage_TC@3afae281</td></tr>
<tr>
<td title='dsalgo_Testscenarios.Login_TC.aa_loginDDT()'><b>aa_loginDDT</b><br>Test class: dsalgo_Testscenarios.Login_TC<br>Parameters: facebook2, Webisite@2</td>
<td></td>
<td>2</td>
<td>dsalgo_Testscenarios.Login_TC@770b3be0</td></tr>
<tr>
<td title='dsalgo_Testscenarios.Arraypage_TC.arraysusinglist()'><b>arraysusinglist</b><br>Test class: dsalgo_Testscenarios.Arraypage_TC<br>Parameters: print("apple")</td>
<td></td>
<td>1</td>
<td>dsalgo_Testscenarios.Arraypage_TC@3afae281</td></tr>
<tr>
<td title='dsalgo_Testscenarios.Stack_TC.exuteoperationinstack()'><b>exuteoperationinstack</b><br>Test class: dsalgo_Testscenarios.Stack_TC<br>Parameters: print("Success")</td>
<td></td>
<td>0</td>
<td>dsalgo_Testscenarios.Stack_TC@260f2144</td></tr>
<tr>
<td title='dsalgo_Testscenarios.Arraypage_TC.arraysinpython()'><b>arraysinpython</b><br>Test class: dsalgo_Testscenarios.Arraypage_TC<br>Parameters: print("apple")</td>
<td></td>
<td>0</td>
<td>dsalgo_Testscenarios.Arraypage_TC@3afae281</td></tr>
<tr>
<td title='dsalgo_Testscenarios.LinkedList_TC.LinkedList_trasversal()'><b>LinkedList_trasversal</b><br>Test class: dsalgo_Testscenarios.LinkedList_TC<br>Parameters: print("Success")</td>
<td></td>
<td>0</td>
<td>dsalgo_Testscenarios.LinkedList_TC@26ae880a</td></tr>
<tr>
<td title='dsalgo_Testscenarios.Queue_TC.exutePythonCode()'><b>exutePythonCode</b><br>Test class: dsalgo_Testscenarios.Queue_TC<br>Parameters: print("Success")</td>
<td></td>
<td>1</td>
<td>dsalgo_Testscenarios.Queue_TC@3c017078</td></tr>
<tr>
<td title='dsalgo_Testscenarios.Graph_TC.graphpage()'><b>graphpage</b><br>Test class: dsalgo_Testscenarios.Graph_TC</td>
<td></td>
<td>2</td>
<td>dsalgo_Testscenarios.Graph_TC@3be4f71</td></tr>
<tr>
<td title='dsalgo_Testscenarios.Queue_TC.exuteCollectionse()'><b>exuteCollectionse</b><br>Test class: dsalgo_Testscenarios.Queue_TC<br>Parameters: print("Success")</td>
<td></td>
<td>1</td>
<td>dsalgo_Testscenarios.Queue_TC@3c017078</td></tr>
<tr>
<td title='dsalgo_Testscenarios.Login_TC.sign_inpage()'><b>sign_inpage</b><br>Test class: dsalgo_Testscenarios.Login_TC</td>
<td></td>
<td>0</td>
<td>dsalgo_Testscenarios.Login_TC@770b3be0</td></tr>
<tr>
<td title='dsalgo_Testscenarios.Arraypage_TC.Applications_of_Array()'><b>Applications_of_Array</b><br>Test class: dsalgo_Testscenarios.Arraypage_TC<br>Parameters: grocery = ["apples", "banana", "cucumbers", "dates","strawberries"]
grocery.insert(2, "carrots")
print (grocery);</td>
<td></td>
<td>1</td>
<td>dsalgo_Testscenarios.Arraypage_TC@3afae281</td></tr>
<tr>
<td title='dsalgo_Testscenarios.Arraypage_TC.Basic_Oprtations_list()'><b>Basic_Oprtations_list</b><br>Test class: dsalgo_Testscenarios.Arraypage_TC<br>Parameters: print("apple")</td>
<td></td>
<td>1</td>
<td>dsalgo_Testscenarios.Arraypage_TC@3afae281</td></tr>
<tr>
<td title='dsalgo_Testscenarios.LinkedList_TC.LinkedList_Deletion()'><b>LinkedList_Deletion</b><br>Test class: dsalgo_Testscenarios.LinkedList_TC<br>Parameters: print("Success")</td>
<td></td>
<td>0</td>
<td>dsalgo_Testscenarios.LinkedList_TC@26ae880a</td></tr>
<tr>
<td title='dsalgo_Testscenarios.Stack_TC.excutepracticequestions()'><b>excutepracticequestions</b><br>Test class: dsalgo_Testscenarios.Stack_TC</td>
<td></td>
<td>1</td>
<td>dsalgo_Testscenarios.Stack_TC@260f2144</td></tr>
<tr>
<td title='dsalgo_Testscenarios.LinkedList_TC.LinkedList_Create()'><b>LinkedList_Create</b><br>Test class: dsalgo_Testscenarios.LinkedList_TC<br>Parameters: print("Success")</td>
<td></td>
<td>1</td>
<td>dsalgo_Testscenarios.LinkedList_TC@26ae880a</td></tr>
<tr>
<td title='dsalgo_Testscenarios.Queue_TC.excutepracticequestions()'><b>excutepracticequestions</b><br>Test class: dsalgo_Testscenarios.Queue_TC</td>
<td></td>
<td>0</td>
<td>dsalgo_Testscenarios.Queue_TC@3c017078</td></tr>
<tr>
<td title='dsalgo_Testscenarios.Tree_TC.Tree()'><b>Tree</b><br>Test class: dsalgo_Testscenarios.Tree_TC</td>
<td></td>
<td>8</td>
<td>dsalgo_Testscenarios.Tree_TC@51827393</td></tr>
<tr>
<td title='dsalgo_Testscenarios.Stack_TC.b_Stackpage()'><b>b_Stackpage</b><br>Test class: dsalgo_Testscenarios.Stack_TC</td>
<td></td>
<td>1</td>
<td>dsalgo_Testscenarios.Stack_TC@260f2144</td></tr>
<tr>
<td title='dsalgo_Testscenarios.Stack_TC.exuteImplemation()'><b>exuteImplemation</b><br>Test class: dsalgo_Testscenarios.Stack_TC<br>Parameters: print("Success")</td>
<td></td>
<td>1</td>
<td>dsalgo_Testscenarios.Stack_TC@260f2144</td></tr>
<tr>
<td title='dsalgo_Testscenarios.Arraypage_TC.arraysusinglist()'><b>arraysusinglist</b><br>Test class: dsalgo_Testscenarios.Arraypage_TC<br>Parameters: grocery = ["apples", "banana", "cucumbers", "dates","strawberries"]
grocery.insert(2, "carrots")
print (grocery);</td>
<td></td>
<td>1</td>
<td>dsalgo_Testscenarios.Arraypage_TC@3afae281</td></tr>
<tr>
<td title='dsalgo_Testscenarios.Arraypage_TC.Final()'><b>Final</b><br>Test class: dsalgo_Testscenarios.Arraypage_TC</td>
<td></td>
<td>0</td>
<td>dsalgo_Testscenarios.Arraypage_TC@3afae281</td></tr>
<tr>
<td title='dsalgo_Testscenarios.Graph_TC.graphText_Editor()'><b>graphText_Editor</b><br>Test class: dsalgo_Testscenarios.Graph_TC<br>Parameters: print("Success")</td>
<td></td>
<td>2</td>
<td>dsalgo_Testscenarios.Graph_TC@3be4f71</td></tr>
<tr>
<td title='dsalgo_Testscenarios.Login_TC.a_opensign_inpage()'><b>a_opensign_inpage</b><br>Test class: dsalgo_Testscenarios.Login_TC</td>
<td></td>
<td>1</td>
<td>dsalgo_Testscenarios.Login_TC@770b3be0</td></tr>
<tr>
<td title='dsalgo_Testscenarios.Queue_TC.excuteQueueOperation()'><b>excuteQueueOperation</b><br>Test class: dsalgo_Testscenarios.Queue_TC<br>Parameters: print("Success")</td>
<td></td>
<td>0</td>
<td>dsalgo_Testscenarios.Queue_TC@3c017078</td></tr>
<tr>
<td title='dsalgo_Testscenarios.LinkedList_TC.LinkedList_implement()'><b>LinkedList_implement</b><br>Test class: dsalgo_Testscenarios.LinkedList_TC<br>Parameters: print("Success")</td>
<td></td>
<td>0</td>
<td>dsalgo_Testscenarios.LinkedList_TC@26ae880a</td></tr>
<tr>
<td title='dsalgo_Testscenarios.Tree_TC.Tree_TextEditor()'><b>Tree_TextEditor</b><br>Test class: dsalgo_Testscenarios.Tree_TC<br>Parameters: print("Success")</td>
<td></td>
<td>2</td>
<td>dsalgo_Testscenarios.Tree_TC@51827393</td></tr>
<tr>
<td title='dsalgo_Testscenarios.Data_Structures_TC.DSText_editor()'><b>DSText_editor</b><br>Test class: dsalgo_Testscenarios.Data_Structures_TC<br>Parameters: print("Success")</td>
<td></td>
<td>2</td>
<td>dsalgo_Testscenarios.Data_Structures_TC@771db12c</td></tr>
<tr>
<td title='dsalgo_Testscenarios.Data_Structures_TC.Timecomplex()'><b>Timecomplex</b><br>Test class: dsalgo_Testscenarios.Data_Structures_TC</td>
<td></td>
<td>1</td>
<td>dsalgo_Testscenarios.Data_Structures_TC@771db12c</td></tr>
<tr>
<td title='dsalgo_Testscenarios.LinkedList_TC.LinkedList_Introduction()'><b>LinkedList_Introduction</b><br>Test class: dsalgo_Testscenarios.LinkedList_TC<br>Parameters: print("Success")</td>
<td></td>
<td>0</td>
<td>dsalgo_Testscenarios.LinkedList_TC@26ae880a</td></tr>
<tr>
<td title='dsalgo_Testscenarios.LinkedList_TC.LinkedList_Types()'><b>LinkedList_Types</b><br>Test class: dsalgo_Testscenarios.LinkedList_TC<br>Parameters: print("Success")</td>
<td></td>
<td>1</td>
<td>dsalgo_Testscenarios.LinkedList_TC@26ae880a</td></tr>
<tr>
<td title='dsalgo_Testscenarios.Arraypage_TC.Arraypage()'><b>Arraypage</b><br>Test class: dsalgo_Testscenarios.Arraypage_TC</td>
<td></td>
<td>0</td>
<td>dsalgo_Testscenarios.Arraypage_TC@3afae281</td></tr>
<tr>
<td title='dsalgo_Testscenarios.Queue_TC.excuteusingarray()'><b>excuteusingarray</b><br>Test class: dsalgo_Testscenarios.Queue_TC<br>Parameters: print("Success")</td>
<td></td>
<td>1</td>
<td>dsalgo_Testscenarios.Queue_TC@3c017078</td></tr>
<tr>
<td title='dsalgo_Testscenarios.LinkedList_TC.LinkedList_insertion()'><b>LinkedList_insertion</b><br>Test class: dsalgo_Testscenarios.LinkedList_TC<br>Parameters: print("Success")</td>
<td></td>
<td>0</td>
<td>dsalgo_Testscenarios.LinkedList_TC@26ae880a</td></tr>
<tr>
<td title='dsalgo_Testscenarios.Stack_TC.exutapplications()'><b>exutapplications</b><br>Test class: dsalgo_Testscenarios.Stack_TC<br>Parameters: print("Success")</td>
<td></td>
<td>1</td>
<td>dsalgo_Testscenarios.Stack_TC@260f2144</td></tr>
<tr>
<td title='dsalgo_Testscenarios.Queue_TC.b_Queuepage()'><b>b_Queuepage</b><br>Test class: dsalgo_Testscenarios.Queue_TC</td>
<td></td>
<td>1</td>
<td>dsalgo_Testscenarios.Queue_TC@3c017078</td></tr>
<tr>
<td title='dsalgo_Testscenarios.Arraypage_TC.Applications_of_Array()'><b>Applications_of_Array</b><br>Test class: dsalgo_Testscenarios.Arraypage_TC<br>Parameters: print("apple")</td>
<td></td>
<td>0</td>
<td>dsalgo_Testscenarios.Arraypage_TC@3afae281</td></tr>
<tr>
<td title='dsalgo_Testscenarios.LinkedList_TC.LinkedList_PracticeQuestion()'><b>LinkedList_PracticeQuestion</b><br>Test class: dsalgo_Testscenarios.LinkedList_TC</td>
<td></td>
<td>0</td>
<td>dsalgo_Testscenarios.LinkedList_TC@26ae880a</td></tr>
</table><p>
</body>
</html>