<?xml version="1.0" encoding="UTF-8"?>
<!-- Generated by org.testng.reporters.JUnitXMLReporter -->
<testsuite ignored="7" hostname="DESKTOP-4MEIVF5" failures="7" tests="47" name="Test" time="83.065" errors="0" timestamp="2023-03-09T19:22:17 EST">
  <testcase classname="dsalgo_Testscenarios.Login_TC" name="a_opensign_inpage" time="1.911"/>
  <testcase classname="dsalgo_Testscenarios.Login_TC" name="sign_inpage" time="0.522"/>
  <testcase classname="dsalgo_Testscenarios.Login_TC" name="aa_loginDDT" time="1.744">
    <failure type="java.lang.AssertionError" message="expected [true] but found [false]">
      <![CDATA[java.lang.AssertionError: expected [true] but found [false]
at dsalgo_Testscenarios.Login_TC.aa_loginDDT(Login_TC.java:71)
at java.base/java.util.ArrayList.forEach(ArrayList.java:1511)
... Removed 33 stack frames]]>
    </failure>
  </testcase> <!-- aa_loginDDT -->
  <testcase classname="dsalgo_Testscenarios.Login_TC" name="aa_loginDDT" time="2.08"/>
  <testcase classname="dsalgo_Testscenarios.Data_Structures_TC" name="Timecomplex" time="1.018"/>
  <testcase classname="dsalgo_Testscenarios.Data_Structures_TC" name="DSText_editor" time="2.792"/>
  <testcase classname="dsalgo_Testscenarios.Arraypage_TC" name="Arraypage" time="0.245"/>
  <testcase classname="dsalgo_Testscenarios.Arraypage_TC" name="arraysinpython" time="1.413"/>
  <testcase classname="dsalgo_Testscenarios.Arraypage_TC" name="arraysinpython" time="0.623"/>
  <testcase classname="dsalgo_Testscenarios.Arraypage_TC" name="arraysinpython" time="0.671">
    <failure type="java.lang.AssertionError" message="expected [true] but found [false]">
      <![CDATA[java.lang.AssertionError: expected [true] but found [false]
at dsalgo_Testscenarios.Arraypage_TC.arraysinpython(Arraypage_TC.java:55)
at java.base/java.util.ArrayList.forEach(ArrayList.java:1511)
... Removed 33 stack frames]]>
    </failure>
  </testcase> <!-- arraysinpython -->
  <testcase classname="dsalgo_Testscenarios.Arraypage_TC" name="arraysusinglist" time="1.185"/>
  <testcase classname="dsalgo_Testscenarios.Arraypage_TC" name="arraysusinglist" time="1.321"/>
  <testcase classname="dsalgo_Testscenarios.Arraypage_TC" name="arraysusinglist" time="1.807">
    <failure type="java.lang.AssertionError" message="expected [true] but found [false]">
      <![CDATA[java.lang.AssertionError: expected [true] but found [false]
at dsalgo_Testscenarios.Arraypage_TC.arraysusinglist(Arraypage_TC.java:85)
at java.base/java.util.ArrayList.forEach(ArrayList.java:1511)
... Removed 33 stack frames]]>
    </failure>
  </testcase> <!-- arraysusinglist -->
  <testcase classname="dsalgo_Testscenarios.Arraypage_TC" name="Basic_Oprtations_list" time="1.811"/>
  <testcase classname="dsalgo_Testscenarios.Arraypage_TC" name="Basic_Oprtations_list" time="1.947"/>
  <testcase classname="dsalgo_Testscenarios.Arraypage_TC" name="Basic_Oprtations_list" time="1.536">
    <failure type="java.lang.AssertionError" message="expected [true] but found [false]">
      <![CDATA[java.lang.AssertionError: expected [true] but found [false]
at dsalgo_Testscenarios.Arraypage_TC.Basic_Oprtations_list(Arraypage_TC.java:113)
at java.base/java.util.ArrayList.forEach(ArrayList.java:1511)
... Removed 33 stack frames]]>
    </failure>
  </testcase> <!-- Basic_Oprtations_list -->
  <testcase classname="dsalgo_Testscenarios.Arraypage_TC" name="Applications_of_Array" time="1.824"/>
  <testcase classname="dsalgo_Testscenarios.Arraypage_TC" name="Applications_of_Array" time="0.992"/>
  <testcase classname="dsalgo_Testscenarios.Arraypage_TC" name="Applications_of_Array" time="0.988">
    <failure type="java.lang.AssertionError" message="expected [true] but found [false]">
      <![CDATA[java.lang.AssertionError: expected [true] but found [false]
at dsalgo_Testscenarios.Arraypage_TC.Applications_of_Array(Arraypage_TC.java:141)
at java.base/java.util.ArrayList.forEach(ArrayList.java:1511)
... Removed 33 stack frames]]>
    </failure>
  </testcase> <!-- Applications_of_Array -->
  <testcase classname="dsalgo_Testscenarios.Arraypage_TC" name="Practice_Questions" time="0.595">
    <failure type="java.lang.AssertionError" message="expected [true] but found [false]">
      <![CDATA[java.lang.AssertionError: expected [true] but found [false]
at dsalgo_Testscenarios.Arraypage_TC.assertverify_practiceq(Arraypage_TC.java:291)
at dsalgo_Testscenarios.Arraypage_TC.Practice_Questions(Arraypage_TC.java:157)
at java.base/java.util.ArrayList.forEach(ArrayList.java:1511)
... Removed 33 stack frames]]>
    </failure>
  </testcase> <!-- Practice_Questions -->
  <testcase classname="dsalgo_Testscenarios.Arraypage_TC" name="Final" time="0.125"/>
  <testcase classname="dsalgo_Testscenarios.LinkedList_TC" name="Linkedlistpage" time="0.316"/>
  <testcase classname="dsalgo_Testscenarios.LinkedList_TC" name="LinkedList_Introduction" time="0.864"/>
  <testcase classname="dsalgo_Testscenarios.LinkedList_TC" name="LinkedList_Create" time="1.011"/>
  <testcase classname="dsalgo_Testscenarios.LinkedList_TC" name="LinkedList_Types" time="1.38"/>
  <testcase classname="dsalgo_Testscenarios.LinkedList_TC" name="LinkedList_implement" time="0.965"/>
  <testcase classname="dsalgo_Testscenarios.LinkedList_TC" name="LinkedList_trasversal" time="0.743"/>
  <testcase classname="dsalgo_Testscenarios.LinkedList_TC" name="LinkedList_insertion" time="0.881"/>
  <testcase classname="dsalgo_Testscenarios.LinkedList_TC" name="LinkedList_Deletion" time="0.866"/>
  <testcase classname="dsalgo_Testscenarios.LinkedList_TC" name="LinkedList_PracticeQuestion" time="0.4"/>
  <testcase classname="dsalgo_Testscenarios.Stack_TC" name="b_Stackpage" time="1.287"/>
  <testcase classname="dsalgo_Testscenarios.Stack_TC" name="exuteoperationinstack" time="0.878"/>
  <testcase classname="dsalgo_Testscenarios.Stack_TC" name="exuteImplemation" time="1.492"/>
  <testcase classname="dsalgo_Testscenarios.Stack_TC" name="exutapplications" time="1.383"/>
  <testcase classname="dsalgo_Testscenarios.Stack_TC" name="excutepracticequestions" time="1.309"/>
  <testcase classname="dsalgo_Testscenarios.Queue_TC" name="b_Queuepage" time="1.239"/>
  <testcase classname="dsalgo_Testscenarios.Queue_TC" name="exutePythonCode" time="1.001"/>
  <testcase classname="dsalgo_Testscenarios.Queue_TC" name="exuteCollectionse" time="1.194"/>
  <testcase classname="dsalgo_Testscenarios.Queue_TC" name="excuteusingarray" time="1.126"/>
  <testcase classname="dsalgo_Testscenarios.Queue_TC" name="excuteQueueOperation" time="0.88"/>
  <testcase classname="dsalgo_Testscenarios.Queue_TC" name="excutepracticequestions" time="0.707"/>
  <testcase classname="dsalgo_Testscenarios.Tree_TC" name="Tree" time="8.8"/>
  <testcase classname="dsalgo_Testscenarios.Tree_TC" name="Tree_TextEditor" time="2.517"/>
  <testcase classname="dsalgo_Testscenarios.Tree_TC" name="back_to_Home" time="2.105"/>
  <testcase classname="dsalgo_Testscenarios.Graph_TC" name="graphpage" time="2.995"/>
  <testcase classname="dsalgo_Testscenarios.Graph_TC" name="graphText_Editor" time="2.398"/>
  <testcase classname="dsalgo_Testscenarios.Graph_TC" name="back_to_home" time="0.113">
    <failure type="java.lang.AssertionError" message="expected [true] but found [false]">
      <![CDATA[java.lang.AssertionError: expected [true] but found [false]
at dsalgo_Testscenarios.Graph_TC.back_to_home(Graph_TC.java:134)
at java.base/java.util.ArrayList.forEach(ArrayList.java:1511)
... Removed 33 stack frames]]>
    </failure>
  </testcase> <!-- back_to_home -->
  <testcase classname="dsalgo_Testscenarios.BaseClass" name="@AfterSuite quit" time="0.0">
    <ignored/>
  </testcase> <!-- @AfterSuite quit -->
  <testcase classname="dsalgo_Testscenarios.BaseClass" name="@AfterSuite quit" time="0.0">
    <ignored/>
  </testcase> <!-- @AfterSuite quit -->
  <testcase classname="dsalgo_Testscenarios.BaseClass" name="@AfterSuite quit" time="0.0">
    <ignored/>
  </testcase> <!-- @AfterSuite quit -->
  <testcase classname="dsalgo_Testscenarios.BaseClass" name="@AfterSuite quit" time="0.0">
    <ignored/>
  </testcase> <!-- @AfterSuite quit -->
  <testcase classname="dsalgo_Testscenarios.BaseClass" name="@AfterSuite quit" time="0.0">
    <ignored/>
  </testcase> <!-- @AfterSuite quit -->
  <testcase classname="dsalgo_Testscenarios.BaseClass" name="@AfterSuite quit" time="0.0">
    <ignored/>
  </testcase> <!-- @AfterSuite quit -->
  <testcase classname="dsalgo_Testscenarios.BaseClass" name="@AfterSuite quit" time="0.0">
    <ignored/>
  </testcase> <!-- @AfterSuite quit -->
</testsuite> <!-- Test -->
