<?xml version="1.0" encoding="UTF-8"?>
<testng-results ignored="7" total="54" passed="40" failed="7" skipped="0">
  <reporter-output>
  </reporter-output>
  <suite started-at="2023-03-09T19:20:53 EST" name="Suite" finished-at="2023-03-09T19:22:16 EST" duration-ms="83065">
    <groups>
    </groups>
    <test started-at="2023-03-09T19:20:53 EST" name="Test" finished-at="2023-03-09T19:22:16 EST" duration-ms="83065">
      <class name="dsalgo_Testscenarios.Data_Structures_TC">
        <test-method is-config="true" signature="setup(java.lang.String)[pri:0, instance:dsalgo_Testscenarios.Data_Structures_TC@771db12c]" started-at="2023-03-09T19:21:11 EST" name="setup" finished-at="2023-03-09T19:21:11 EST" duration-ms="0" status="PASS">
          <params>
            <param index="0">
              <value>
                <![CDATA[chrome]]>
              </value>
            </param>
          </params>
          <reporter-output>
          </reporter-output>
        </test-method> <!-- setup -->
        <test-method signature="Timecomplex()[pri:1, instance:dsalgo_Testscenarios.Data_Structures_TC@771db12c]" started-at="2023-03-09T19:21:11 EST" name="Timecomplex" finished-at="2023-03-09T19:21:12 EST" duration-ms="1018" status="PASS">
          <reporter-output>
          </reporter-output>
        </test-method> <!-- Timecomplex -->
        <test-method signature="DSText_editor(java.lang.String)[pri:2, instance:dsalgo_Testscenarios.Data_Structures_TC@771db12c]" started-at="2023-03-09T19:21:12 EST" name="DSText_editor" data-provider="Python" finished-at="2023-03-09T19:21:15 EST" duration-ms="2792" status="PASS">
          <params>
            <param index="0">
              <value>
                <![CDATA[print("Success")]]>
              </value>
            </param>
          </params>
          <reporter-output>
          </reporter-output>
        </test-method> <!-- DSText_editor -->
        <test-method is-config="true" signature="n()[pri:0, instance:dsalgo_Testscenarios.Data_Structures_TC@771db12c]" started-at="2023-03-09T19:21:15 EST" name="n" finished-at="2023-03-09T19:21:15 EST" duration-ms="166" status="PASS">
          <reporter-output>
          </reporter-output>
        </test-method> <!-- n -->
      </class> <!-- dsalgo_Testscenarios.Data_Structures_TC -->
      <class name="dsalgo_Testscenarios.Stack_TC">
        <test-method is-config="true" signature="setup(java.lang.String)[pri:0, instance:dsalgo_Testscenarios.Stack_TC@260f2144]" started-at="2023-03-09T19:21:44 EST" name="setup" finished-at="2023-03-09T19:21:44 EST" duration-ms="1" status="PASS">
          <params>
            <param index="0">
              <value>
                <![CDATA[chrome]]>
              </value>
            </param>
          </params>
          <reporter-output>
          </reporter-output>
        </test-method> <!-- setup -->
        <test-method signature="b_Stackpage()[pri:1, instance:dsalgo_Testscenarios.Stack_TC@260f2144]" started-at="2023-03-09T19:21:44 EST" name="b_Stackpage" finished-at="2023-03-09T19:21:45 EST" duration-ms="1287" status="PASS">
          <reporter-output>
          </reporter-output>
        </test-method> <!-- b_Stackpage -->
        <test-method signature="exuteoperationinstack(java.lang.String)[pri:2, instance:dsalgo_Testscenarios.Stack_TC@260f2144]" started-at="2023-03-09T19:21:45 EST" name="exuteoperationinstack" data-provider="Python_Code" finished-at="2023-03-09T19:21:46 EST" duration-ms="878" status="PASS">
          <params>
            <param index="0">
              <value>
                <![CDATA[print("Success")]]>
              </value>
            </param>
          </params>
          <reporter-output>
          </reporter-output>
        </test-method> <!-- exuteoperationinstack -->
        <test-method signature="exuteImplemation(java.lang.String)[pri:3, instance:dsalgo_Testscenarios.Stack_TC@260f2144]" started-at="2023-03-09T19:21:46 EST" name="exuteImplemation" data-provider="Python_Code" finished-at="2023-03-09T19:21:48 EST" duration-ms="1492" status="PASS">
          <params>
            <param index="0">
              <value>
                <![CDATA[print("Success")]]>
              </value>
            </param>
          </params>
          <reporter-output>
          </reporter-output>
        </test-method> <!-- exuteImplemation -->
        <test-method signature="exutapplications(java.lang.String)[pri:4, instance:dsalgo_Testscenarios.Stack_TC@260f2144]" started-at="2023-03-09T19:21:48 EST" name="exutapplications" data-provider="Python_Code" finished-at="2023-03-09T19:21:49 EST" duration-ms="1383" status="PASS">
          <params>
            <param index="0">
              <value>
                <![CDATA[print("Success")]]>
              </value>
            </param>
          </params>
          <reporter-output>
          </reporter-output>
        </test-method> <!-- exutapplications -->
        <test-method signature="excutepracticequestions()[pri:5, instance:dsalgo_Testscenarios.Stack_TC@260f2144]" started-at="2023-03-09T19:21:49 EST" name="excutepracticequestions" finished-at="2023-03-09T19:21:51 EST" duration-ms="1309" status="PASS">
          <reporter-output>
          </reporter-output>
        </test-method> <!-- excutepracticequestions -->
      </class> <!-- dsalgo_Testscenarios.Stack_TC -->
      <class name="dsalgo_Testscenarios.LinkedList_TC">
        <test-method is-config="true" signature="setup(java.lang.String)[pri:0, instance:dsalgo_Testscenarios.LinkedList_TC@26ae880a]" started-at="2023-03-09T19:21:35 EST" name="setup" finished-at="2023-03-09T19:21:35 EST" duration-ms="1" status="PASS">
          <params>
            <param index="0">
              <value>
                <![CDATA[chrome]]>
              </value>
            </param>
          </params>
          <reporter-output>
          </reporter-output>
        </test-method> <!-- setup -->
        <test-method signature="Linkedlistpage()[pri:1, instance:dsalgo_Testscenarios.LinkedList_TC@26ae880a]" started-at="2023-03-09T19:21:35 EST" name="Linkedlistpage" finished-at="2023-03-09T19:21:36 EST" duration-ms="316" status="PASS">
          <reporter-output>
          </reporter-output>
        </test-method> <!-- Linkedlistpage -->
        <test-method signature="LinkedList_Introduction(java.lang.String)[pri:2, instance:dsalgo_Testscenarios.LinkedList_TC@26ae880a]" started-at="2023-03-09T19:21:36 EST" name="LinkedList_Introduction" data-provider="phytoncode" finished-at="2023-03-09T19:21:37 EST" duration-ms="864" status="PASS">
          <params>
            <param index="0">
              <value>
                <![CDATA[print("Success")]]>
              </value>
            </param>
          </params>
          <reporter-output>
          </reporter-output>
        </test-method> <!-- LinkedList_Introduction -->
        <test-method signature="LinkedList_Create(java.lang.String)[pri:3, instance:dsalgo_Testscenarios.LinkedList_TC@26ae880a]" started-at="2023-03-09T19:21:37 EST" name="LinkedList_Create" data-provider="phytoncode" finished-at="2023-03-09T19:21:38 EST" duration-ms="1011" status="PASS">
          <params>
            <param index="0">
              <value>
                <![CDATA[print("Success")]]>
              </value>
            </param>
          </params>
          <reporter-output>
          </reporter-output>
        </test-method> <!-- LinkedList_Create -->
        <test-method signature="LinkedList_Types(java.lang.String)[pri:4, instance:dsalgo_Testscenarios.LinkedList_TC@26ae880a]" started-at="2023-03-09T19:21:38 EST" name="LinkedList_Types" data-provider="phytoncode" finished-at="2023-03-09T19:21:39 EST" duration-ms="1380" status="PASS">
          <params>
            <param index="0">
              <value>
                <![CDATA[print("Success")]]>
              </value>
            </param>
          </params>
          <reporter-output>
          </reporter-output>
        </test-method> <!-- LinkedList_Types -->
        <test-method signature="LinkedList_implement(java.lang.String)[pri:5, instance:dsalgo_Testscenarios.LinkedList_TC@26ae880a]" started-at="2023-03-09T19:21:40 EST" name="LinkedList_implement" data-provider="phytoncode" finished-at="2023-03-09T19:21:41 EST" duration-ms="965" status="PASS">
          <params>
            <param index="0">
              <value>
                <![CDATA[print("Success")]]>
              </value>
            </param>
          </params>
          <reporter-output>
          </reporter-output>
        </test-method> <!-- LinkedList_implement -->
        <test-method signature="LinkedList_trasversal(java.lang.String)[pri:6, instance:dsalgo_Testscenarios.LinkedList_TC@26ae880a]" started-at="2023-03-09T19:21:41 EST" name="LinkedList_trasversal" data-provider="phytoncode" finished-at="2023-03-09T19:21:41 EST" duration-ms="743" status="PASS">
          <params>
            <param index="0">
              <value>
                <![CDATA[print("Success")]]>
              </value>
            </param>
          </params>
          <reporter-output>
          </reporter-output>
        </test-method> <!-- LinkedList_trasversal -->
        <test-method signature="LinkedList_insertion(java.lang.String)[pri:7, instance:dsalgo_Testscenarios.LinkedList_TC@26ae880a]" started-at="2023-03-09T19:21:42 EST" name="LinkedList_insertion" data-provider="phytoncode" finished-at="2023-03-09T19:21:42 EST" duration-ms="881" status="PASS">
          <params>
            <param index="0">
              <value>
                <![CDATA[print("Success")]]>
              </value>
            </param>
          </params>
          <reporter-output>
          </reporter-output>
        </test-method> <!-- LinkedList_insertion -->
        <test-method signature="LinkedList_Deletion(java.lang.String)[pri:8, instance:dsalgo_Testscenarios.LinkedList_TC@26ae880a]" started-at="2023-03-09T19:21:43 EST" name="LinkedList_Deletion" data-provider="phytoncode" finished-at="2023-03-09T19:21:43 EST" duration-ms="866" status="PASS">
          <params>
            <param index="0">
              <value>
                <![CDATA[print("Success")]]>
              </value>
            </param>
          </params>
          <reporter-output>
          </reporter-output>
        </test-method> <!-- LinkedList_Deletion -->
        <test-method signature="LinkedList_PracticeQuestion()[pri:9, instance:dsalgo_Testscenarios.LinkedList_TC@26ae880a]" started-at="2023-03-09T19:21:43 EST" name="LinkedList_PracticeQuestion" finished-at="2023-03-09T19:21:44 EST" duration-ms="400" status="PASS">
          <reporter-output>
          </reporter-output>
        </test-method> <!-- LinkedList_PracticeQuestion -->
      </class> <!-- dsalgo_Testscenarios.LinkedList_TC -->
      <class name="dsalgo_Testscenarios.Graph_TC">
        <test-method is-config="true" signature="setup(java.lang.String)[pri:0, instance:dsalgo_Testscenarios.Graph_TC@3be4f71]" started-at="2023-03-09T19:22:11 EST" name="setup" finished-at="2023-03-09T19:22:11 EST" duration-ms="1" status="PASS">
          <params>
            <param index="0">
              <value>
                <![CDATA[chrome]]>
              </value>
            </param>
          </params>
          <reporter-output>
          </reporter-output>
        </test-method> <!-- setup -->
        <test-method signature="graphpage()[pri:1, instance:dsalgo_Testscenarios.Graph_TC@3be4f71]" started-at="2023-03-09T19:22:11 EST" name="graphpage" finished-at="2023-03-09T19:22:14 EST" duration-ms="2995" status="PASS">
          <reporter-output>
          </reporter-output>
        </test-method> <!-- graphpage -->
        <test-method signature="graphText_Editor(java.lang.String)[pri:2, instance:dsalgo_Testscenarios.Graph_TC@3be4f71]" started-at="2023-03-09T19:22:14 EST" name="graphText_Editor" data-provider="Python" finished-at="2023-03-09T19:22:16 EST" duration-ms="2398" status="PASS">
          <params>
            <param index="0">
              <value>
                <![CDATA[print("Success")]]>
              </value>
            </param>
          </params>
          <reporter-output>
          </reporter-output>
        </test-method> <!-- graphText_Editor -->
        <test-method signature="back_to_home()[pri:3, instance:dsalgo_Testscenarios.Graph_TC@3be4f71]" started-at="2023-03-09T19:22:16 EST" name="back_to_home" finished-at="2023-03-09T19:22:16 EST" duration-ms="113" status="FAIL">
          <exception class="java.lang.AssertionError">
            <message>
              <![CDATA[expected [true] but found [false]]]>
            </message>
            <full-stacktrace>
              <![CDATA[java.lang.AssertionError: expected [true] but found [false]
at org.testng.Assert.fail(Assert.java:110)
at org.testng.Assert.failNotEquals(Assert.java:1577)
at org.testng.Assert.assertTrue(Assert.java:56)
at org.testng.Assert.assertTrue(Assert.java:66)
at dsalgo_Testscenarios.Graph_TC.back_to_home(Graph_TC.java:134)
at java.base/jdk.internal.reflect.DirectMethodHandleAccessor.invoke(DirectMethodHandleAccessor.java:104)
at java.base/java.lang.reflect.Method.invoke(Method.java:578)
at org.testng.internal.invokers.MethodInvocationHelper.invokeMethod(MethodInvocationHelper.java:139)
at org.testng.internal.invokers.TestInvoker.invokeMethod(TestInvoker.java:677)
at org.testng.internal.invokers.TestInvoker.invokeTestMethod(TestInvoker.java:221)
at org.testng.internal.invokers.MethodRunner.runInSequence(MethodRunner.java:50)
at org.testng.internal.invokers.TestInvoker$MethodInvocationAgent.invoke(TestInvoker.java:969)
at org.testng.internal.invokers.TestInvoker.invokeTestMethods(TestInvoker.java:194)
at org.testng.internal.invokers.TestMethodWorker.invokeTestMethods(TestMethodWorker.java:148)
at org.testng.internal.invokers.TestMethodWorker.run(TestMethodWorker.java:128)
at java.base/java.util.ArrayList.forEach(ArrayList.java:1511)
at org.testng.TestRunner.privateRun(TestRunner.java:829)
at org.testng.TestRunner.run(TestRunner.java:602)
at org.testng.SuiteRunner.runTest(SuiteRunner.java:437)
at org.testng.SuiteRunner.runSequentially(SuiteRunner.java:431)
at org.testng.SuiteRunner.privateRun(SuiteRunner.java:391)
at org.testng.SuiteRunner.run(SuiteRunner.java:330)
at org.testng.SuiteRunnerWorker.runSuite(SuiteRunnerWorker.java:52)
at org.testng.SuiteRunnerWorker.run(SuiteRunnerWorker.java:95)
at org.testng.TestNG.runSuitesSequentially(TestNG.java:1256)
at org.testng.TestNG.runSuitesLocally(TestNG.java:1176)
at org.testng.TestNG.runSuites(TestNG.java:1099)
at org.testng.TestNG.run(TestNG.java:1067)
at org.apache.maven.surefire.testng.TestNGExecutor.run(TestNGExecutor.java:283)
at org.apache.maven.surefire.testng.TestNGXmlTestSuite.execute(TestNGXmlTestSuite.java:75)
at org.apache.maven.surefire.testng.TestNGProvider.invoke(TestNGProvider.java:120)
at org.apache.maven.surefire.booter.ForkedBooter.invokeProviderInSameClassLoader(ForkedBooter.java:384)
at org.apache.maven.surefire.booter.ForkedBooter.runSuitesInProcess(ForkedBooter.java:345)
at org.apache.maven.surefire.booter.ForkedBooter.execute(ForkedBooter.java:126)
at org.apache.maven.surefire.booter.ForkedBooter.main(ForkedBooter.java:418)
]]>
            </full-stacktrace>
          </exception> <!-- java.lang.AssertionError -->
          <reporter-output>
          </reporter-output>
        </test-method> <!-- back_to_home -->
      </class> <!-- dsalgo_Testscenarios.Graph_TC -->
      <class name="dsalgo_Testscenarios.Tree_TC">
        <test-method signature="Tree()[pri:1, instance:dsalgo_Testscenarios.Tree_TC@51827393]" started-at="2023-03-09T19:21:57 EST" name="Tree" finished-at="2023-03-09T19:22:06 EST" duration-ms="8800" status="PASS">
          <reporter-output>
          </reporter-output>
        </test-method> <!-- Tree -->
        <test-method is-config="true" signature="setup(java.lang.String)[pri:0, instance:dsalgo_Testscenarios.Tree_TC@51827393]" started-at="2023-03-09T19:21:57 EST" name="setup" finished-at="2023-03-09T19:21:57 EST" duration-ms="0" status="PASS">
          <params>
            <param index="0">
              <value>
                <![CDATA[chrome]]>
              </value>
            </param>
          </params>
          <reporter-output>
          </reporter-output>
        </test-method> <!-- setup -->
        <test-method signature="Tree_TextEditor(java.lang.String)[pri:2, instance:dsalgo_Testscenarios.Tree_TC@51827393]" started-at="2023-03-09T19:22:06 EST" name="Tree_TextEditor" data-provider="Python" finished-at="2023-03-09T19:22:09 EST" duration-ms="2517" status="PASS">
          <params>
            <param index="0">
              <value>
                <![CDATA[print("Success")]]>
              </value>
            </param>
          </params>
          <reporter-output>
          </reporter-output>
        </test-method> <!-- Tree_TextEditor -->
        <test-method signature="back_to_Home()[pri:3, instance:dsalgo_Testscenarios.Tree_TC@51827393]" started-at="2023-03-09T19:22:09 EST" name="back_to_Home" finished-at="2023-03-09T19:22:11 EST" duration-ms="2105" status="PASS">
          <reporter-output>
          </reporter-output>
        </test-method> <!-- back_to_Home -->
      </class> <!-- dsalgo_Testscenarios.Tree_TC -->
      <class name="dsalgo_Testscenarios.Arraypage_TC">
        <test-method is-config="true" signature="setup(java.lang.String)[pri:0, instance:dsalgo_Testscenarios.Arraypage_TC@3afae281]" started-at="2023-03-09T19:21:15 EST" name="setup" finished-at="2023-03-09T19:21:15 EST" duration-ms="1" status="PASS">
          <params>
            <param index="0">
              <value>
                <![CDATA[chrome]]>
              </value>
            </param>
          </params>
          <reporter-output>
          </reporter-output>
        </test-method> <!-- setup -->
        <test-method signature="Arraypage()[pri:1, instance:dsalgo_Testscenarios.Arraypage_TC@3afae281]" started-at="2023-03-09T19:21:15 EST" name="Arraypage" finished-at="2023-03-09T19:21:16 EST" duration-ms="245" status="PASS">
          <reporter-output>
          </reporter-output>
        </test-method> <!-- Arraypage -->
        <test-method signature="arraysinpython(java.lang.String)[pri:2, instance:dsalgo_Testscenarios.Arraypage_TC@3afae281]" started-at="2023-03-09T19:21:16 EST" name="arraysinpython" data-provider="phytoncode" finished-at="2023-03-09T19:21:17 EST" duration-ms="1413" status="PASS">
          <params>
            <param index="0">
              <value>
                <![CDATA[grocery = ["apples", "banana", "cucumbers", "dates","strawberries"]
grocery.insert(2, "carrots")
print (grocery);]]>
              </value>
            </param>
          </params>
          <reporter-output>
          </reporter-output>
        </test-method> <!-- arraysinpython -->
        <test-method signature="arraysinpython(java.lang.String)[pri:2, instance:dsalgo_Testscenarios.Arraypage_TC@3afae281]" started-at="2023-03-09T19:21:17 EST" name="arraysinpython" data-provider="phytoncode" finished-at="2023-03-09T19:21:18 EST" duration-ms="623" status="PASS">
          <params>
            <param index="0">
              <value>
                <![CDATA[print("apple")]]>
              </value>
            </param>
          </params>
          <reporter-output>
          </reporter-output>
        </test-method> <!-- arraysinpython -->
        <test-method signature="arraysinpython(java.lang.String)[pri:2, instance:dsalgo_Testscenarios.Arraypage_TC@3afae281]" started-at="2023-03-09T19:21:18 EST" name="arraysinpython" data-provider="phytoncode" finished-at="2023-03-09T19:21:19 EST" duration-ms="671" status="FAIL">
          <params>
            <param index="0">
              <value>
                <![CDATA[kanthi]]>
              </value>
            </param>
          </params>
          <exception class="java.lang.AssertionError">
            <message>
              <![CDATA[expected [true] but found [false]]]>
            </message>
            <full-stacktrace>
              <![CDATA[java.lang.AssertionError: expected [true] but found [false]
at org.testng.Assert.fail(Assert.java:110)
at org.testng.Assert.failNotEquals(Assert.java:1577)
at org.testng.Assert.assertTrue(Assert.java:56)
at org.testng.Assert.assertTrue(Assert.java:66)
at dsalgo_Testscenarios.Arraypage_TC.arraysinpython(Arraypage_TC.java:55)
at java.base/jdk.internal.reflect.DirectMethodHandleAccessor.invoke(DirectMethodHandleAccessor.java:104)
at java.base/java.lang.reflect.Method.invoke(Method.java:578)
at org.testng.internal.invokers.MethodInvocationHelper.invokeMethod(MethodInvocationHelper.java:139)
at org.testng.internal.invokers.TestInvoker.invokeMethod(TestInvoker.java:677)
at org.testng.internal.invokers.TestInvoker.invokeTestMethod(TestInvoker.java:221)
at org.testng.internal.invokers.MethodRunner.runInSequence(MethodRunner.java:50)
at org.testng.internal.invokers.TestInvoker$MethodInvocationAgent.invoke(TestInvoker.java:969)
at org.testng.internal.invokers.TestInvoker.invokeTestMethods(TestInvoker.java:194)
at org.testng.internal.invokers.TestMethodWorker.invokeTestMethods(TestMethodWorker.java:148)
at org.testng.internal.invokers.TestMethodWorker.run(TestMethodWorker.java:128)
at java.base/java.util.ArrayList.forEach(ArrayList.java:1511)
at org.testng.TestRunner.privateRun(TestRunner.java:829)
at org.testng.TestRunner.run(TestRunner.java:602)
at org.testng.SuiteRunner.runTest(SuiteRunner.java:437)
at org.testng.SuiteRunner.runSequentially(SuiteRunner.java:431)
at org.testng.SuiteRunner.privateRun(SuiteRunner.java:391)
at org.testng.SuiteRunner.run(SuiteRunner.java:330)
at org.testng.SuiteRunnerWorker.runSuite(SuiteRunnerWorker.java:52)
at org.testng.SuiteRunnerWorker.run(SuiteRunnerWorker.java:95)
at org.testng.TestNG.runSuitesSequentially(TestNG.java:1256)
at org.testng.TestNG.runSuitesLocally(TestNG.java:1176)
at org.testng.TestNG.runSuites(TestNG.java:1099)
at org.testng.TestNG.run(TestNG.java:1067)
at org.apache.maven.surefire.testng.TestNGExecutor.run(TestNGExecutor.java:283)
at org.apache.maven.surefire.testng.TestNGXmlTestSuite.execute(TestNGXmlTestSuite.java:75)
at org.apache.maven.surefire.testng.TestNGProvider.invoke(TestNGProvider.java:120)
at org.apache.maven.surefire.booter.ForkedBooter.invokeProviderInSameClassLoader(ForkedBooter.java:384)
at org.apache.maven.surefire.booter.ForkedBooter.runSuitesInProcess(ForkedBooter.java:345)
at org.apache.maven.surefire.booter.ForkedBooter.execute(ForkedBooter.java:126)
at org.apache.maven.surefire.booter.ForkedBooter.main(ForkedBooter.java:418)
]]>
            </full-stacktrace>
          </exception> <!-- java.lang.AssertionError -->
          <reporter-output>
          </reporter-output>
        </test-method> <!-- arraysinpython -->
        <test-method signature="arraysusinglist(java.lang.String)[pri:3, instance:dsalgo_Testscenarios.Arraypage_TC@3afae281]" started-at="2023-03-09T19:21:19 EST" name="arraysusinglist" data-provider="phytoncode" finished-at="2023-03-09T19:21:20 EST" duration-ms="1185" status="PASS">
          <params>
            <param index="0">
              <value>
                <![CDATA[grocery = ["apples", "banana", "cucumbers", "dates","strawberries"]
grocery.insert(2, "carrots")
print (grocery);]]>
              </value>
            </param>
          </params>
          <reporter-output>
          </reporter-output>
        </test-method> <!-- arraysusinglist -->
        <test-method signature="arraysusinglist(java.lang.String)[pri:3, instance:dsalgo_Testscenarios.Arraypage_TC@3afae281]" started-at="2023-03-09T19:21:20 EST" name="arraysusinglist" data-provider="phytoncode" finished-at="2023-03-09T19:21:22 EST" duration-ms="1321" status="PASS">
          <params>
            <param index="0">
              <value>
                <![CDATA[print("apple")]]>
              </value>
            </param>
          </params>
          <reporter-output>
          </reporter-output>
        </test-method> <!-- arraysusinglist -->
        <test-method signature="arraysusinglist(java.lang.String)[pri:3, instance:dsalgo_Testscenarios.Arraypage_TC@3afae281]" started-at="2023-03-09T19:21:22 EST" name="arraysusinglist" data-provider="phytoncode" finished-at="2023-03-09T19:21:23 EST" duration-ms="1807" status="FAIL">
          <params>
            <param index="0">
              <value>
                <![CDATA[kanthi]]>
              </value>
            </param>
          </params>
          <exception class="java.lang.AssertionError">
            <message>
              <![CDATA[expected [true] but found [false]]]>
            </message>
            <full-stacktrace>
              <![CDATA[java.lang.AssertionError: expected [true] but found [false]
at org.testng.Assert.fail(Assert.java:110)
at org.testng.Assert.failNotEquals(Assert.java:1577)
at org.testng.Assert.assertTrue(Assert.java:56)
at org.testng.Assert.assertTrue(Assert.java:66)
at dsalgo_Testscenarios.Arraypage_TC.arraysusinglist(Arraypage_TC.java:85)
at java.base/jdk.internal.reflect.DirectMethodHandleAccessor.invoke(DirectMethodHandleAccessor.java:104)
at java.base/java.lang.reflect.Method.invoke(Method.java:578)
at org.testng.internal.invokers.MethodInvocationHelper.invokeMethod(MethodInvocationHelper.java:139)
at org.testng.internal.invokers.TestInvoker.invokeMethod(TestInvoker.java:677)
at org.testng.internal.invokers.TestInvoker.invokeTestMethod(TestInvoker.java:221)
at org.testng.internal.invokers.MethodRunner.runInSequence(MethodRunner.java:50)
at org.testng.internal.invokers.TestInvoker$MethodInvocationAgent.invoke(TestInvoker.java:969)
at org.testng.internal.invokers.TestInvoker.invokeTestMethods(TestInvoker.java:194)
at org.testng.internal.invokers.TestMethodWorker.invokeTestMethods(TestMethodWorker.java:148)
at org.testng.internal.invokers.TestMethodWorker.run(TestMethodWorker.java:128)
at java.base/java.util.ArrayList.forEach(ArrayList.java:1511)
at org.testng.TestRunner.privateRun(TestRunner.java:829)
at org.testng.TestRunner.run(TestRunner.java:602)
at org.testng.SuiteRunner.runTest(SuiteRunner.java:437)
at org.testng.SuiteRunner.runSequentially(SuiteRunner.java:431)
at org.testng.SuiteRunner.privateRun(SuiteRunner.java:391)
at org.testng.SuiteRunner.run(SuiteRunner.java:330)
at org.testng.SuiteRunnerWorker.runSuite(SuiteRunnerWorker.java:52)
at org.testng.SuiteRunnerWorker.run(SuiteRunnerWorker.java:95)
at org.testng.TestNG.runSuitesSequentially(TestNG.java:1256)
at org.testng.TestNG.runSuitesLocally(TestNG.java:1176)
at org.testng.TestNG.runSuites(TestNG.java:1099)
at org.testng.TestNG.run(TestNG.java:1067)
at org.apache.maven.surefire.testng.TestNGExecutor.run(TestNGExecutor.java:283)
at org.apache.maven.surefire.testng.TestNGXmlTestSuite.execute(TestNGXmlTestSuite.java:75)
at org.apache.maven.surefire.testng.TestNGProvider.invoke(TestNGProvider.java:120)
at org.apache.maven.surefire.booter.ForkedBooter.invokeProviderInSameClassLoader(ForkedBooter.java:384)
at org.apache.maven.surefire.booter.ForkedBooter.runSuitesInProcess(ForkedBooter.java:345)
at org.apache.maven.surefire.booter.ForkedBooter.execute(ForkedBooter.java:126)
at org.apache.maven.surefire.booter.ForkedBooter.main(ForkedBooter.java:418)
]]>
            </full-stacktrace>
          </exception> <!-- java.lang.AssertionError -->
          <reporter-output>
          </reporter-output>
        </test-method> <!-- arraysusinglist -->
        <test-method signature="Basic_Oprtations_list(java.lang.String)[pri:4, instance:dsalgo_Testscenarios.Arraypage_TC@3afae281]" started-at="2023-03-09T19:21:24 EST" name="Basic_Oprtations_list" data-provider="phytoncode" finished-at="2023-03-09T19:21:26 EST" duration-ms="1811" status="PASS">
          <params>
            <param index="0">
              <value>
                <![CDATA[grocery = ["apples", "banana", "cucumbers", "dates","strawberries"]
grocery.insert(2, "carrots")
print (grocery);]]>
              </value>
            </param>
          </params>
          <reporter-output>
          </reporter-output>
        </test-method> <!-- Basic_Oprtations_list -->
        <test-method signature="Basic_Oprtations_list(java.lang.String)[pri:4, instance:dsalgo_Testscenarios.Arraypage_TC@3afae281]" started-at="2023-03-09T19:21:26 EST" name="Basic_Oprtations_list" data-provider="phytoncode" finished-at="2023-03-09T19:21:28 EST" duration-ms="1947" status="PASS">
          <params>
            <param index="0">
              <value>
                <![CDATA[print("apple")]]>
              </value>
            </param>
          </params>
          <reporter-output>
          </reporter-output>
        </test-method> <!-- Basic_Oprtations_list -->
        <test-method signature="Basic_Oprtations_list(java.lang.String)[pri:4, instance:dsalgo_Testscenarios.Arraypage_TC@3afae281]" started-at="2023-03-09T19:21:28 EST" name="Basic_Oprtations_list" data-provider="phytoncode" finished-at="2023-03-09T19:21:30 EST" duration-ms="1536" status="FAIL">
          <params>
            <param index="0">
              <value>
                <![CDATA[kanthi]]>
              </value>
            </param>
          </params>
          <exception class="java.lang.AssertionError">
            <message>
              <![CDATA[expected [true] but found [false]]]>
            </message>
            <full-stacktrace>
              <![CDATA[java.lang.AssertionError: expected [true] but found [false]
at org.testng.Assert.fail(Assert.java:110)
at org.testng.Assert.failNotEquals(Assert.java:1577)
at org.testng.Assert.assertTrue(Assert.java:56)
at org.testng.Assert.assertTrue(Assert.java:66)
at dsalgo_Testscenarios.Arraypage_TC.Basic_Oprtations_list(Arraypage_TC.java:113)
at java.base/jdk.internal.reflect.DirectMethodHandleAccessor.invoke(DirectMethodHandleAccessor.java:104)
at java.base/java.lang.reflect.Method.invoke(Method.java:578)
at org.testng.internal.invokers.MethodInvocationHelper.invokeMethod(MethodInvocationHelper.java:139)
at org.testng.internal.invokers.TestInvoker.invokeMethod(TestInvoker.java:677)
at org.testng.internal.invokers.TestInvoker.invokeTestMethod(TestInvoker.java:221)
at org.testng.internal.invokers.MethodRunner.runInSequence(MethodRunner.java:50)
at org.testng.internal.invokers.TestInvoker$MethodInvocationAgent.invoke(TestInvoker.java:969)
at org.testng.internal.invokers.TestInvoker.invokeTestMethods(TestInvoker.java:194)
at org.testng.internal.invokers.TestMethodWorker.invokeTestMethods(TestMethodWorker.java:148)
at org.testng.internal.invokers.TestMethodWorker.run(TestMethodWorker.java:128)
at java.base/java.util.ArrayList.forEach(ArrayList.java:1511)
at org.testng.TestRunner.privateRun(TestRunner.java:829)
at org.testng.TestRunner.run(TestRunner.java:602)
at org.testng.SuiteRunner.runTest(SuiteRunner.java:437)
at org.testng.SuiteRunner.runSequentially(SuiteRunner.java:431)
at org.testng.SuiteRunner.privateRun(SuiteRunner.java:391)
at org.testng.SuiteRunner.run(SuiteRunner.java:330)
at org.testng.SuiteRunnerWorker.runSuite(SuiteRunnerWorker.java:52)
at org.testng.SuiteRunnerWorker.run(SuiteRunnerWorker.java:95)
at org.testng.TestNG.runSuitesSequentially(TestNG.java:1256)
at org.testng.TestNG.runSuitesLocally(TestNG.java:1176)
at org.testng.TestNG.runSuites(TestNG.java:1099)
at org.testng.TestNG.run(TestNG.java:1067)
at org.apache.maven.surefire.testng.TestNGExecutor.run(TestNGExecutor.java:283)
at org.apache.maven.surefire.testng.TestNGXmlTestSuite.execute(TestNGXmlTestSuite.java:75)
at org.apache.maven.surefire.testng.TestNGProvider.invoke(TestNGProvider.java:120)
at org.apache.maven.surefire.booter.ForkedBooter.invokeProviderInSameClassLoader(ForkedBooter.java:384)
at org.apache.maven.surefire.booter.ForkedBooter.runSuitesInProcess(ForkedBooter.java:345)
at org.apache.maven.surefire.booter.ForkedBooter.execute(ForkedBooter.java:126)
at org.apache.maven.surefire.booter.ForkedBooter.main(ForkedBooter.java:418)
]]>
            </full-stacktrace>
          </exception> <!-- java.lang.AssertionError -->
          <reporter-output>
          </reporter-output>
        </test-method> <!-- Basic_Oprtations_list -->
        <test-method signature="Applications_of_Array(java.lang.String)[pri:5, instance:dsalgo_Testscenarios.Arraypage_TC@3afae281]" started-at="2023-03-09T19:21:30 EST" name="Applications_of_Array" data-provider="phytoncode" finished-at="2023-03-09T19:21:32 EST" duration-ms="1824" status="PASS">
          <params>
            <param index="0">
              <value>
                <![CDATA[grocery = ["apples", "banana", "cucumbers", "dates","strawberries"]
grocery.insert(2, "carrots")
print (grocery);]]>
              </value>
            </param>
          </params>
          <reporter-output>
          </reporter-output>
        </test-method> <!-- Applications_of_Array -->
        <test-method signature="Applications_of_Array(java.lang.String)[pri:5, instance:dsalgo_Testscenarios.Arraypage_TC@3afae281]" started-at="2023-03-09T19:21:32 EST" name="Applications_of_Array" data-provider="phytoncode" finished-at="2023-03-09T19:21:33 EST" duration-ms="992" status="PASS">
          <params>
            <param index="0">
              <value>
                <![CDATA[print("apple")]]>
              </value>
            </param>
          </params>
          <reporter-output>
          </reporter-output>
        </test-method> <!-- Applications_of_Array -->
        <test-method signature="Applications_of_Array(java.lang.String)[pri:5, instance:dsalgo_Testscenarios.Arraypage_TC@3afae281]" started-at="2023-03-09T19:21:33 EST" name="Applications_of_Array" data-provider="phytoncode" finished-at="2023-03-09T19:21:34 EST" duration-ms="988" status="FAIL">
          <params>
            <param index="0">
              <value>
                <![CDATA[kanthi]]>
              </value>
            </param>
          </params>
          <exception class="java.lang.AssertionError">
            <message>
              <![CDATA[expected [true] but found [false]]]>
            </message>
            <full-stacktrace>
              <![CDATA[java.lang.AssertionError: expected [true] but found [false]
at org.testng.Assert.fail(Assert.java:110)
at org.testng.Assert.failNotEquals(Assert.java:1577)
at org.testng.Assert.assertTrue(Assert.java:56)
at org.testng.Assert.assertTrue(Assert.java:66)
at dsalgo_Testscenarios.Arraypage_TC.Applications_of_Array(Arraypage_TC.java:141)
at java.base/jdk.internal.reflect.DirectMethodHandleAccessor.invoke(DirectMethodHandleAccessor.java:104)
at java.base/java.lang.reflect.Method.invoke(Method.java:578)
at org.testng.internal.invokers.MethodInvocationHelper.invokeMethod(MethodInvocationHelper.java:139)
at org.testng.internal.invokers.TestInvoker.invokeMethod(TestInvoker.java:677)
at org.testng.internal.invokers.TestInvoker.invokeTestMethod(TestInvoker.java:221)
at org.testng.internal.invokers.MethodRunner.runInSequence(MethodRunner.java:50)
at org.testng.internal.invokers.TestInvoker$MethodInvocationAgent.invoke(TestInvoker.java:969)
at org.testng.internal.invokers.TestInvoker.invokeTestMethods(TestInvoker.java:194)
at org.testng.internal.invokers.TestMethodWorker.invokeTestMethods(TestMethodWorker.java:148)
at org.testng.internal.invokers.TestMethodWorker.run(TestMethodWorker.java:128)
at java.base/java.util.ArrayList.forEach(ArrayList.java:1511)
at org.testng.TestRunner.privateRun(TestRunner.java:829)
at org.testng.TestRunner.run(TestRunner.java:602)
at org.testng.SuiteRunner.runTest(SuiteRunner.java:437)
at org.testng.SuiteRunner.runSequentially(SuiteRunner.java:431)
at org.testng.SuiteRunner.privateRun(SuiteRunner.java:391)
at org.testng.SuiteRunner.run(SuiteRunner.java:330)
at org.testng.SuiteRunnerWorker.runSuite(SuiteRunnerWorker.java:52)
at org.testng.SuiteRunnerWorker.run(SuiteRunnerWorker.java:95)
at org.testng.TestNG.runSuitesSequentially(TestNG.java:1256)
at org.testng.TestNG.runSuitesLocally(TestNG.java:1176)
at org.testng.TestNG.runSuites(TestNG.java:1099)
at org.testng.TestNG.run(TestNG.java:1067)
at org.apache.maven.surefire.testng.TestNGExecutor.run(TestNGExecutor.java:283)
at org.apache.maven.surefire.testng.TestNGXmlTestSuite.execute(TestNGXmlTestSuite.java:75)
at org.apache.maven.surefire.testng.TestNGProvider.invoke(TestNGProvider.java:120)
at org.apache.maven.surefire.booter.ForkedBooter.invokeProviderInSameClassLoader(ForkedBooter.java:384)
at org.apache.maven.surefire.booter.ForkedBooter.runSuitesInProcess(ForkedBooter.java:345)
at org.apache.maven.surefire.booter.ForkedBooter.execute(ForkedBooter.java:126)
at org.apache.maven.surefire.booter.ForkedBooter.main(ForkedBooter.java:418)
]]>
            </full-stacktrace>
          </exception> <!-- java.lang.AssertionError -->
          <reporter-output>
          </reporter-output>
        </test-method> <!-- Applications_of_Array -->
        <test-method signature="Practice_Questions()[pri:6, instance:dsalgo_Testscenarios.Arraypage_TC@3afae281]" started-at="2023-03-09T19:21:34 EST" name="Practice_Questions" finished-at="2023-03-09T19:21:35 EST" duration-ms="595" status="FAIL">
          <exception class="java.lang.AssertionError">
            <message>
              <![CDATA[expected [true] but found [false]]]>
            </message>
            <full-stacktrace>
              <![CDATA[java.lang.AssertionError: expected [true] but found [false]
at org.testng.Assert.fail(Assert.java:110)
at org.testng.Assert.failNotEquals(Assert.java:1577)
at org.testng.Assert.assertTrue(Assert.java:56)
at org.testng.Assert.assertTrue(Assert.java:66)
at dsalgo_Testscenarios.Arraypage_TC.assertverify_practiceq(Arraypage_TC.java:291)
at dsalgo_Testscenarios.Arraypage_TC.Practice_Questions(Arraypage_TC.java:157)
at java.base/jdk.internal.reflect.DirectMethodHandleAccessor.invoke(DirectMethodHandleAccessor.java:104)
at java.base/java.lang.reflect.Method.invoke(Method.java:578)
at org.testng.internal.invokers.MethodInvocationHelper.invokeMethod(MethodInvocationHelper.java:139)
at org.testng.internal.invokers.TestInvoker.invokeMethod(TestInvoker.java:677)
at org.testng.internal.invokers.TestInvoker.invokeTestMethod(TestInvoker.java:221)
at org.testng.internal.invokers.MethodRunner.runInSequence(MethodRunner.java:50)
at org.testng.internal.invokers.TestInvoker$MethodInvocationAgent.invoke(TestInvoker.java:969)
at org.testng.internal.invokers.TestInvoker.invokeTestMethods(TestInvoker.java:194)
at org.testng.internal.invokers.TestMethodWorker.invokeTestMethods(TestMethodWorker.java:148)
at org.testng.internal.invokers.TestMethodWorker.run(TestMethodWorker.java:128)
at java.base/java.util.ArrayList.forEach(ArrayList.java:1511)
at org.testng.TestRunner.privateRun(TestRunner.java:829)
at org.testng.TestRunner.run(TestRunner.java:602)
at org.testng.SuiteRunner.runTest(SuiteRunner.java:437)
at org.testng.SuiteRunner.runSequentially(SuiteRunner.java:431)
at org.testng.SuiteRunner.privateRun(SuiteRunner.java:391)
at org.testng.SuiteRunner.run(SuiteRunner.java:330)
at org.testng.SuiteRunnerWorker.runSuite(SuiteRunnerWorker.java:52)
at org.testng.SuiteRunnerWorker.run(SuiteRunnerWorker.java:95)
at org.testng.TestNG.runSuitesSequentially(TestNG.java:1256)
at org.testng.TestNG.runSuitesLocally(TestNG.java:1176)
at org.testng.TestNG.runSuites(TestNG.java:1099)
at org.testng.TestNG.run(TestNG.java:1067)
at org.apache.maven.surefire.testng.TestNGExecutor.run(TestNGExecutor.java:283)
at org.apache.maven.surefire.testng.TestNGXmlTestSuite.execute(TestNGXmlTestSuite.java:75)
at org.apache.maven.surefire.testng.TestNGProvider.invoke(TestNGProvider.java:120)
at org.apache.maven.surefire.booter.ForkedBooter.invokeProviderInSameClassLoader(ForkedBooter.java:384)
at org.apache.maven.surefire.booter.ForkedBooter.runSuitesInProcess(ForkedBooter.java:345)
at org.apache.maven.surefire.booter.ForkedBooter.execute(ForkedBooter.java:126)
at org.apache.maven.surefire.booter.ForkedBooter.main(ForkedBooter.java:418)
]]>
            </full-stacktrace>
          </exception> <!-- java.lang.AssertionError -->
          <reporter-output>
          </reporter-output>
        </test-method> <!-- Practice_Questions -->
        <test-method signature="Final()[pri:11, instance:dsalgo_Testscenarios.Arraypage_TC@3afae281]" started-at="2023-03-09T19:21:35 EST" name="Final" finished-at="2023-03-09T19:21:35 EST" duration-ms="125" status="PASS">
          <reporter-output>
          </reporter-output>
        </test-method> <!-- Final -->
      </class> <!-- dsalgo_Testscenarios.Arraypage_TC -->
      <class name="dsalgo_Testscenarios.Login_TC">
        <test-method is-config="true" signature="setup(java.lang.String)[pri:0, instance:dsalgo_Testscenarios.Login_TC@770b3be0]" started-at="2023-03-09T19:20:53 EST" name="setup" finished-at="2023-03-09T19:21:02 EST" duration-ms="8373" status="PASS">
          <params>
            <param index="0">
              <value>
                <![CDATA[chrome]]>
              </value>
            </param>
          </params>
          <reporter-output>
          </reporter-output>
        </test-method> <!-- setup -->
        <test-method signature="a_opensign_inpage()[pri:1, instance:dsalgo_Testscenarios.Login_TC@770b3be0]" started-at="2023-03-09T19:21:02 EST" name="a_opensign_inpage" finished-at="2023-03-09T19:21:04 EST" duration-ms="1911" status="PASS">
          <reporter-output>
          </reporter-output>
        </test-method> <!-- a_opensign_inpage -->
        <test-method signature="sign_inpage()[pri:2, instance:dsalgo_Testscenarios.Login_TC@770b3be0]" started-at="2023-03-09T19:21:04 EST" name="sign_inpage" finished-at="2023-03-09T19:21:04 EST" duration-ms="522" status="PASS">
          <reporter-output>
          </reporter-output>
        </test-method> <!-- sign_inpage -->
        <test-method signature="aa_loginDDT(java.lang.String,java.lang.String)[pri:3, instance:dsalgo_Testscenarios.Login_TC@770b3be0]" started-at="2023-03-09T19:21:07 EST" name="aa_loginDDT" data-provider="Valid_Logindata" finished-at="2023-03-09T19:21:09 EST" duration-ms="1744" status="FAIL">
          <params>
            <param index="0">
              <value>
                <![CDATA[facebook]]>
              </value>
            </param>
            <param index="1">
              <value>
                <![CDATA[Webisite@1]]>
              </value>
            </param>
          </params>
          <exception class="java.lang.AssertionError">
            <message>
              <![CDATA[expected [true] but found [false]]]>
            </message>
            <full-stacktrace>
              <![CDATA[java.lang.AssertionError: expected [true] but found [false]
at org.testng.Assert.fail(Assert.java:110)
at org.testng.Assert.failNotEquals(Assert.java:1577)
at org.testng.Assert.assertTrue(Assert.java:56)
at org.testng.Assert.assertTrue(Assert.java:66)
at dsalgo_Testscenarios.Login_TC.aa_loginDDT(Login_TC.java:71)
at java.base/jdk.internal.reflect.DirectMethodHandleAccessor.invoke(DirectMethodHandleAccessor.java:104)
at java.base/java.lang.reflect.Method.invoke(Method.java:578)
at org.testng.internal.invokers.MethodInvocationHelper.invokeMethod(MethodInvocationHelper.java:139)
at org.testng.internal.invokers.TestInvoker.invokeMethod(TestInvoker.java:677)
at org.testng.internal.invokers.TestInvoker.invokeTestMethod(TestInvoker.java:221)
at org.testng.internal.invokers.MethodRunner.runInSequence(MethodRunner.java:50)
at org.testng.internal.invokers.TestInvoker$MethodInvocationAgent.invoke(TestInvoker.java:969)
at org.testng.internal.invokers.TestInvoker.invokeTestMethods(TestInvoker.java:194)
at org.testng.internal.invokers.TestMethodWorker.invokeTestMethods(TestMethodWorker.java:148)
at org.testng.internal.invokers.TestMethodWorker.run(TestMethodWorker.java:128)
at java.base/java.util.ArrayList.forEach(ArrayList.java:1511)
at org.testng.TestRunner.privateRun(TestRunner.java:829)
at org.testng.TestRunner.run(TestRunner.java:602)
at org.testng.SuiteRunner.runTest(SuiteRunner.java:437)
at org.testng.SuiteRunner.runSequentially(SuiteRunner.java:431)
at org.testng.SuiteRunner.privateRun(SuiteRunner.java:391)
at org.testng.SuiteRunner.run(SuiteRunner.java:330)
at org.testng.SuiteRunnerWorker.runSuite(SuiteRunnerWorker.java:52)
at org.testng.SuiteRunnerWorker.run(SuiteRunnerWorker.java:95)
at org.testng.TestNG.runSuitesSequentially(TestNG.java:1256)
at org.testng.TestNG.runSuitesLocally(TestNG.java:1176)
at org.testng.TestNG.runSuites(TestNG.java:1099)
at org.testng.TestNG.run(TestNG.java:1067)
at org.apache.maven.surefire.testng.TestNGExecutor.run(TestNGExecutor.java:283)
at org.apache.maven.surefire.testng.TestNGXmlTestSuite.execute(TestNGXmlTestSuite.java:75)
at org.apache.maven.surefire.testng.TestNGProvider.invoke(TestNGProvider.java:120)
at org.apache.maven.surefire.booter.ForkedBooter.invokeProviderInSameClassLoader(ForkedBooter.java:384)
at org.apache.maven.surefire.booter.ForkedBooter.runSuitesInProcess(ForkedBooter.java:345)
at org.apache.maven.surefire.booter.ForkedBooter.execute(ForkedBooter.java:126)
at org.apache.maven.surefire.booter.ForkedBooter.main(ForkedBooter.java:418)
]]>
            </full-stacktrace>
          </exception> <!-- java.lang.AssertionError -->
          <reporter-output>
          </reporter-output>
        </test-method> <!-- aa_loginDDT -->
        <test-method signature="aa_loginDDT(java.lang.String,java.lang.String)[pri:3, instance:dsalgo_Testscenarios.Login_TC@770b3be0]" started-at="2023-03-09T19:21:09 EST" name="aa_loginDDT" data-provider="Valid_Logindata" finished-at="2023-03-09T19:21:11 EST" duration-ms="2080" status="PASS">
          <params>
            <param index="0">
              <value>
                <![CDATA[facebook2]]>
              </value>
            </param>
            <param index="1">
              <value>
                <![CDATA[Webisite@2]]>
              </value>
            </param>
          </params>
          <reporter-output>
          </reporter-output>
        </test-method> <!-- aa_loginDDT -->
        <test-method is-config="true" signature="quit()[pri:0, instance:dsalgo_Testscenarios.Login_TC@770b3be0]" started-at="2023-03-09T19:22:17 EST" name="quit" finished-at="2023-03-09T19:22:17 EST" duration-ms="676" status="PASS">
          <reporter-output>
          </reporter-output>
        </test-method> <!-- quit -->
      </class> <!-- dsalgo_Testscenarios.Login_TC -->
      <class name="dsalgo_Testscenarios.Queue_TC">
        <test-method is-config="true" signature="setup(java.lang.String)[pri:0, instance:dsalgo_Testscenarios.Queue_TC@3c017078]" started-at="2023-03-09T19:21:51 EST" name="setup" finished-at="2023-03-09T19:21:51 EST" duration-ms="6" status="PASS">
          <params>
            <param index="0">
              <value>
                <![CDATA[chrome]]>
              </value>
            </param>
          </params>
          <reporter-output>
          </reporter-output>
        </test-method> <!-- setup -->
        <test-method signature="b_Queuepage()[pri:1, instance:dsalgo_Testscenarios.Queue_TC@3c017078]" started-at="2023-03-09T19:21:51 EST" name="b_Queuepage" finished-at="2023-03-09T19:21:52 EST" duration-ms="1239" status="PASS">
          <reporter-output>
          </reporter-output>
        </test-method> <!-- b_Queuepage -->
        <test-method signature="exutePythonCode(java.lang.String)[pri:2, instance:dsalgo_Testscenarios.Queue_TC@3c017078]" started-at="2023-03-09T19:21:52 EST" name="exutePythonCode" data-provider="Python_Code" finished-at="2023-03-09T19:21:53 EST" duration-ms="1001" status="PASS">
          <params>
            <param index="0">
              <value>
                <![CDATA[print("Success")]]>
              </value>
            </param>
          </params>
          <reporter-output>
          </reporter-output>
        </test-method> <!-- exutePythonCode -->
        <test-method signature="exuteCollectionse(java.lang.String)[pri:3, instance:dsalgo_Testscenarios.Queue_TC@3c017078]" started-at="2023-03-09T19:21:53 EST" name="exuteCollectionse" data-provider="Python_Code" finished-at="2023-03-09T19:21:54 EST" duration-ms="1194" status="PASS">
          <params>
            <param index="0">
              <value>
                <![CDATA[print("Success")]]>
              </value>
            </param>
          </params>
          <reporter-output>
          </reporter-output>
        </test-method> <!-- exuteCollectionse -->
        <test-method signature="excuteusingarray(java.lang.String)[pri:4, instance:dsalgo_Testscenarios.Queue_TC@3c017078]" started-at="2023-03-09T19:21:54 EST" name="excuteusingarray" data-provider="Python_Code" finished-at="2023-03-09T19:21:55 EST" duration-ms="1126" status="PASS">
          <params>
            <param index="0">
              <value>
                <![CDATA[print("Success")]]>
              </value>
            </param>
          </params>
          <reporter-output>
          </reporter-output>
        </test-method> <!-- excuteusingarray -->
        <test-method signature="excuteQueueOperation(java.lang.String)[pri:5, instance:dsalgo_Testscenarios.Queue_TC@3c017078]" started-at="2023-03-09T19:21:56 EST" name="excuteQueueOperation" data-provider="Python_Code" finished-at="2023-03-09T19:21:56 EST" duration-ms="880" status="PASS">
          <params>
            <param index="0">
              <value>
                <![CDATA[print("Success")]]>
              </value>
            </param>
          </params>
          <reporter-output>
          </reporter-output>
        </test-method> <!-- excuteQueueOperation -->
        <test-method signature="excutepracticequestions()[pri:6, instance:dsalgo_Testscenarios.Queue_TC@3c017078]" started-at="2023-03-09T19:21:56 EST" name="excutepracticequestions" finished-at="2023-03-09T19:21:57 EST" duration-ms="707" status="PASS">
          <reporter-output>
          </reporter-output>
        </test-method> <!-- excutepracticequestions -->
      </class> <!-- dsalgo_Testscenarios.Queue_TC -->
    </test> <!-- Test -->
  </suite> <!-- Suite -->
</testng-results>
