<?xml version="1.0" encoding="UTF-8"?>
<testng-results ignored="7" total="54" passed="40" failed="7" skipped="0">
  <reporter-output>
  </reporter-output>
  <suite started-at="2023-03-10T00:01:34 EST" name="Suite" finished-at="2023-03-10T00:03:21 EST" duration-ms="107269">
    <groups>
    </groups>
    <test started-at="2023-03-10T00:01:34 EST" name="Test" finished-at="2023-03-10T00:03:21 EST" duration-ms="107269">
      <class name="dsalgo_Testscenarios.Data_Structures_TC">
        <test-method is-config="true" signature="setup(java.lang.String)[pri:0, instance:dsalgo_Testscenarios.Data_Structures_TC@6fd5717c]" started-at="2023-03-10T00:01:58 EST" name="setup" finished-at="2023-03-10T00:01:58 EST" duration-ms="2" status="PASS">
          <params>
            <param index="0">
              <value>
                <![CDATA[chrome]]>
              </value>
            </param>
          </params>
          <reporter-output>
          </reporter-output>
        </test-method> <!-- setup -->
        <test-method signature="Timecomplex()[pri:1, instance:dsalgo_Testscenarios.Data_Structures_TC@6fd5717c]" started-at="2023-03-10T00:01:58 EST" name="Timecomplex" finished-at="2023-03-10T00:02:00 EST" duration-ms="1388" status="PASS">
          <reporter-output>
          </reporter-output>
        </test-method> <!-- Timecomplex -->
        <test-method signature="DSText_editor(java.lang.String)[pri:2, instance:dsalgo_Testscenarios.Data_Structures_TC@6fd5717c]" started-at="2023-03-10T00:02:00 EST" name="DSText_editor" data-provider="Python" finished-at="2023-03-10T00:02:03 EST" duration-ms="2868" status="PASS">
          <params>
            <param index="0">
              <value>
                <![CDATA[print("Success")]]>
              </value>
            </param>
          </params>
          <reporter-output>
          </reporter-output>
        </test-method> <!-- DSText_editor -->
        <test-method is-config="true" signature="n()[pri:0, instance:dsalgo_Testscenarios.Data_Structures_TC@6fd5717c]" started-at="2023-03-10T00:02:03 EST" name="n" finished-at="2023-03-10T00:02:03 EST" duration-ms="204" status="PASS">
          <reporter-output>
          </reporter-output>
        </test-method> <!-- n -->
      </class> <!-- dsalgo_Testscenarios.Data_Structures_TC -->
      <class name="dsalgo_Testscenarios.LinkedList_TC">
        <test-method is-config="true" signature="setup(java.lang.String)[pri:0, instance:dsalgo_Testscenarios.LinkedList_TC@4d774249]" started-at="2023-03-10T00:02:36 EST" name="setup" finished-at="2023-03-10T00:02:36 EST" duration-ms="0" status="PASS">
          <params>
            <param index="0">
              <value>
                <![CDATA[chrome]]>
              </value>
            </param>
          </params>
          <reporter-output>
          </reporter-output>
        </test-method> <!-- setup -->
        <test-method signature="Linkedlistpage()[pri:1, instance:dsalgo_Testscenarios.LinkedList_TC@4d774249]" started-at="2023-03-10T00:02:36 EST" name="Linkedlistpage" finished-at="2023-03-10T00:02:37 EST" duration-ms="308" status="PASS">
          <reporter-output>
          </reporter-output>
        </test-method> <!-- Linkedlistpage -->
        <test-method signature="LinkedList_Introduction(java.lang.String)[pri:2, instance:dsalgo_Testscenarios.LinkedList_TC@4d774249]" started-at="2023-03-10T00:02:37 EST" name="LinkedList_Introduction" data-provider="phytoncode" finished-at="2023-03-10T00:02:38 EST" duration-ms="957" status="PASS">
          <params>
            <param index="0">
              <value>
                <![CDATA[print("Success")]]>
              </value>
            </param>
          </params>
          <reporter-output>
          </reporter-output>
        </test-method> <!-- LinkedList_Introduction -->
        <test-method signature="LinkedList_Create(java.lang.String)[pri:3, instance:dsalgo_Testscenarios.LinkedList_TC@4d774249]" started-at="2023-03-10T00:02:38 EST" name="LinkedList_Create" data-provider="phytoncode" finished-at="2023-03-10T00:02:39 EST" duration-ms="882" status="PASS">
          <params>
            <param index="0">
              <value>
                <![CDATA[print("Success")]]>
              </value>
            </param>
          </params>
          <reporter-output>
          </reporter-output>
        </test-method> <!-- LinkedList_Create -->
        <test-method signature="LinkedList_Types(java.lang.String)[pri:4, instance:dsalgo_Testscenarios.LinkedList_TC@4d774249]" started-at="2023-03-10T00:02:39 EST" name="LinkedList_Types" data-provider="phytoncode" finished-at="2023-03-10T00:02:40 EST" duration-ms="1098" status="PASS">
          <params>
            <param index="0">
              <value>
                <![CDATA[print("Success")]]>
              </value>
            </param>
          </params>
          <reporter-output>
          </reporter-output>
        </test-method> <!-- LinkedList_Types -->
        <test-method signature="LinkedList_implement(java.lang.String)[pri:5, instance:dsalgo_Testscenarios.LinkedList_TC@4d774249]" started-at="2023-03-10T00:02:40 EST" name="LinkedList_implement" data-provider="phytoncode" finished-at="2023-03-10T00:02:41 EST" duration-ms="952" status="PASS">
          <params>
            <param index="0">
              <value>
                <![CDATA[print("Success")]]>
              </value>
            </param>
          </params>
          <reporter-output>
          </reporter-output>
        </test-method> <!-- LinkedList_implement -->
        <test-method signature="LinkedList_trasversal(java.lang.String)[pri:6, instance:dsalgo_Testscenarios.LinkedList_TC@4d774249]" started-at="2023-03-10T00:02:41 EST" name="LinkedList_trasversal" data-provider="phytoncode" finished-at="2023-03-10T00:02:43 EST" duration-ms="1360" status="PASS">
          <params>
            <param index="0">
              <value>
                <![CDATA[print("Success")]]>
              </value>
            </param>
          </params>
          <reporter-output>
          </reporter-output>
        </test-method> <!-- LinkedList_trasversal -->
        <test-method signature="LinkedList_insertion(java.lang.String)[pri:7, instance:dsalgo_Testscenarios.LinkedList_TC@4d774249]" started-at="2023-03-10T00:02:43 EST" name="LinkedList_insertion" data-provider="phytoncode" finished-at="2023-03-10T00:02:44 EST" duration-ms="1309" status="PASS">
          <params>
            <param index="0">
              <value>
                <![CDATA[print("Success")]]>
              </value>
            </param>
          </params>
          <reporter-output>
          </reporter-output>
        </test-method> <!-- LinkedList_insertion -->
        <test-method signature="LinkedList_Deletion(java.lang.String)[pri:8, instance:dsalgo_Testscenarios.LinkedList_TC@4d774249]" started-at="2023-03-10T00:02:45 EST" name="LinkedList_Deletion" data-provider="phytoncode" finished-at="2023-03-10T00:02:46 EST" duration-ms="1369" status="PASS">
          <params>
            <param index="0">
              <value>
                <![CDATA[print("Success")]]>
              </value>
            </param>
          </params>
          <reporter-output>
          </reporter-output>
        </test-method> <!-- LinkedList_Deletion -->
        <test-method signature="LinkedList_PracticeQuestion()[pri:9, instance:dsalgo_Testscenarios.LinkedList_TC@4d774249]" started-at="2023-03-10T00:02:46 EST" name="LinkedList_PracticeQuestion" finished-at="2023-03-10T00:02:46 EST" duration-ms="471" status="PASS">
          <reporter-output>
          </reporter-output>
        </test-method> <!-- LinkedList_PracticeQuestion -->
      </class> <!-- dsalgo_Testscenarios.LinkedList_TC -->
      <class name="dsalgo_Testscenarios.Stack_TC">
        <test-method is-config="true" signature="setup(java.lang.String)[pri:0, instance:dsalgo_Testscenarios.Stack_TC@17b64941]" started-at="2023-03-10T00:02:46 EST" name="setup" finished-at="2023-03-10T00:02:46 EST" duration-ms="1" status="PASS">
          <params>
            <param index="0">
              <value>
                <![CDATA[chrome]]>
              </value>
            </param>
          </params>
          <reporter-output>
          </reporter-output>
        </test-method> <!-- setup -->
        <test-method signature="b_Stackpage()[pri:1, instance:dsalgo_Testscenarios.Stack_TC@17b64941]" started-at="2023-03-10T00:02:46 EST" name="b_Stackpage" finished-at="2023-03-10T00:02:48 EST" duration-ms="1321" status="PASS">
          <reporter-output>
          </reporter-output>
        </test-method> <!-- b_Stackpage -->
        <test-method signature="exuteoperationinstack(java.lang.String)[pri:2, instance:dsalgo_Testscenarios.Stack_TC@17b64941]" started-at="2023-03-10T00:02:48 EST" name="exuteoperationinstack" data-provider="Python_Code" finished-at="2023-03-10T00:02:49 EST" duration-ms="1397" status="PASS">
          <params>
            <param index="0">
              <value>
                <![CDATA[print("Success")]]>
              </value>
            </param>
          </params>
          <reporter-output>
          </reporter-output>
        </test-method> <!-- exuteoperationinstack -->
        <test-method signature="exuteImplemation(java.lang.String)[pri:3, instance:dsalgo_Testscenarios.Stack_TC@17b64941]" started-at="2023-03-10T00:02:49 EST" name="exuteImplemation" data-provider="Python_Code" finished-at="2023-03-10T00:02:51 EST" duration-ms="1342" status="PASS">
          <params>
            <param index="0">
              <value>
                <![CDATA[print("Success")]]>
              </value>
            </param>
          </params>
          <reporter-output>
          </reporter-output>
        </test-method> <!-- exuteImplemation -->
        <test-method signature="exutapplications(java.lang.String)[pri:4, instance:dsalgo_Testscenarios.Stack_TC@17b64941]" started-at="2023-03-10T00:02:51 EST" name="exutapplications" data-provider="Python_Code" finished-at="2023-03-10T00:02:52 EST" duration-ms="1454" status="PASS">
          <params>
            <param index="0">
              <value>
                <![CDATA[print("Success")]]>
              </value>
            </param>
          </params>
          <reporter-output>
          </reporter-output>
        </test-method> <!-- exutapplications -->
        <test-method signature="excutepracticequestions()[pri:5, instance:dsalgo_Testscenarios.Stack_TC@17b64941]" started-at="2023-03-10T00:02:52 EST" name="excutepracticequestions" finished-at="2023-03-10T00:02:54 EST" duration-ms="2118" status="PASS">
          <reporter-output>
          </reporter-output>
        </test-method> <!-- excutepracticequestions -->
      </class> <!-- dsalgo_Testscenarios.Stack_TC -->
      <class name="dsalgo_Testscenarios.Graph_TC">
        <test-method is-config="true" signature="setup(java.lang.String)[pri:0, instance:dsalgo_Testscenarios.Graph_TC@26a4551a]" started-at="2023-03-10T00:03:13 EST" name="setup" finished-at="2023-03-10T00:03:13 EST" duration-ms="3" status="PASS">
          <params>
            <param index="0">
              <value>
                <![CDATA[chrome]]>
              </value>
            </param>
          </params>
          <reporter-output>
          </reporter-output>
        </test-method> <!-- setup -->
        <test-method signature="graphpage()[pri:1, instance:dsalgo_Testscenarios.Graph_TC@26a4551a]" started-at="2023-03-10T00:03:13 EST" name="graphpage" finished-at="2023-03-10T00:03:18 EST" duration-ms="5133" status="PASS">
          <reporter-output>
          </reporter-output>
        </test-method> <!-- graphpage -->
        <test-method signature="graphText_Editor(java.lang.String)[pri:2, instance:dsalgo_Testscenarios.Graph_TC@26a4551a]" started-at="2023-03-10T00:03:18 EST" name="graphText_Editor" data-provider="Python" finished-at="2023-03-10T00:03:21 EST" duration-ms="2642" status="PASS">
          <params>
            <param index="0">
              <value>
                <![CDATA[print("Success")]]>
              </value>
            </param>
          </params>
          <reporter-output>
          </reporter-output>
        </test-method> <!-- graphText_Editor -->
        <test-method signature="back_to_home()[pri:3, instance:dsalgo_Testscenarios.Graph_TC@26a4551a]" started-at="2023-03-10T00:03:21 EST" name="back_to_home" finished-at="2023-03-10T00:03:21 EST" duration-ms="155" status="FAIL">
          <exception class="java.lang.AssertionError">
            <message>
              <![CDATA[expected [true] but found [false]]]>
            </message>
            <full-stacktrace>
              <![CDATA[java.lang.AssertionError: expected [true] but found [false]
at org.testng.Assert.fail(Assert.java:99)
at org.testng.Assert.failNotEquals(Assert.java:1037)
at org.testng.Assert.assertTrue(Assert.java:45)
at org.testng.Assert.assertTrue(Assert.java:55)
at dsalgo_Testscenarios.Graph_TC.back_to_home(Graph_TC.java:134)
at java.base/jdk.internal.reflect.DirectMethodHandleAccessor.invoke(DirectMethodHandleAccessor.java:104)
at java.base/java.lang.reflect.Method.invoke(Method.java:578)
at org.testng.internal.MethodInvocationHelper.invokeMethod(MethodInvocationHelper.java:133)
at org.testng.internal.TestInvoker.invokeMethod(TestInvoker.java:598)
at org.testng.internal.TestInvoker.invokeTestMethod(TestInvoker.java:173)
at org.testng.internal.MethodRunner.runInSequence(MethodRunner.java:46)
at org.testng.internal.TestInvoker$MethodInvocationAgent.invoke(TestInvoker.java:824)
at org.testng.internal.TestInvoker.invokeTestMethods(TestInvoker.java:146)
at org.testng.internal.TestMethodWorker.invokeTestMethods(TestMethodWorker.java:146)
at org.testng.internal.TestMethodWorker.run(TestMethodWorker.java:128)
at java.base/java.util.ArrayList.forEach(ArrayList.java:1511)
at org.testng.TestRunner.privateRun(TestRunner.java:794)
at org.testng.TestRunner.run(TestRunner.java:596)
at org.testng.SuiteRunner.runTest(SuiteRunner.java:377)
at org.testng.SuiteRunner.runSequentially(SuiteRunner.java:371)
at org.testng.SuiteRunner.privateRun(SuiteRunner.java:332)
at org.testng.SuiteRunner.run(SuiteRunner.java:276)
at org.testng.SuiteRunnerWorker.runSuite(SuiteRunnerWorker.java:53)
at org.testng.SuiteRunnerWorker.run(SuiteRunnerWorker.java:96)
at org.testng.TestNG.runSuitesSequentially(TestNG.java:1212)
at org.testng.TestNG.runSuitesLocally(TestNG.java:1134)
at org.testng.TestNG.runSuites(TestNG.java:1063)
at org.testng.TestNG.run(TestNG.java:1031)
at org.testng.remote.AbstractRemoteTestNG.run(AbstractRemoteTestNG.java:115)
at org.testng.remote.RemoteTestNG.initAndRun(RemoteTestNG.java:251)
at org.testng.remote.RemoteTestNG.main(RemoteTestNG.java:77)
]]>
            </full-stacktrace>
          </exception> <!-- java.lang.AssertionError -->
          <reporter-output>
          </reporter-output>
        </test-method> <!-- back_to_home -->
      </class> <!-- dsalgo_Testscenarios.Graph_TC -->
      <class name="dsalgo_Testscenarios.Arraypage_TC">
        <test-method is-config="true" signature="setup(java.lang.String)[pri:0, instance:dsalgo_Testscenarios.Arraypage_TC@7e2f86e6]" started-at="2023-03-10T00:02:03 EST" name="setup" finished-at="2023-03-10T00:02:03 EST" duration-ms="1" status="PASS">
          <params>
            <param index="0">
              <value>
                <![CDATA[chrome]]>
              </value>
            </param>
          </params>
          <reporter-output>
          </reporter-output>
        </test-method> <!-- setup -->
        <test-method signature="Arraypage()[pri:1, instance:dsalgo_Testscenarios.Arraypage_TC@7e2f86e6]" started-at="2023-03-10T00:02:03 EST" name="Arraypage" finished-at="2023-03-10T00:02:04 EST" duration-ms="447" status="PASS">
          <reporter-output>
          </reporter-output>
        </test-method> <!-- Arraypage -->
        <test-method signature="arraysinpython(java.lang.String)[pri:2, instance:dsalgo_Testscenarios.Arraypage_TC@7e2f86e6]" started-at="2023-03-10T00:02:04 EST" name="arraysinpython" data-provider="phytoncode" finished-at="2023-03-10T00:02:07 EST" duration-ms="3208" status="PASS">
          <params>
            <param index="0">
              <value>
                <![CDATA[grocery = ["apples", "banana", "cucumbers", "dates","strawberries"]
grocery.insert(2, "carrots")
print (grocery);]]>
              </value>
            </param>
          </params>
          <reporter-output>
          </reporter-output>
        </test-method> <!-- arraysinpython -->
        <test-method signature="arraysinpython(java.lang.String)[pri:2, instance:dsalgo_Testscenarios.Arraypage_TC@7e2f86e6]" started-at="2023-03-10T00:02:07 EST" name="arraysinpython" data-provider="phytoncode" finished-at="2023-03-10T00:02:08 EST" duration-ms="1022" status="PASS">
          <params>
            <param index="0">
              <value>
                <![CDATA[print("apple")]]>
              </value>
            </param>
          </params>
          <reporter-output>
          </reporter-output>
        </test-method> <!-- arraysinpython -->
        <test-method signature="arraysinpython(java.lang.String)[pri:2, instance:dsalgo_Testscenarios.Arraypage_TC@7e2f86e6]" started-at="2023-03-10T00:02:08 EST" name="arraysinpython" data-provider="phytoncode" finished-at="2023-03-10T00:02:09 EST" duration-ms="995" status="FAIL">
          <params>
            <param index="0">
              <value>
                <![CDATA[kanthi]]>
              </value>
            </param>
          </params>
          <exception class="java.lang.AssertionError">
            <message>
              <![CDATA[expected [true] but found [false]]]>
            </message>
            <full-stacktrace>
              <![CDATA[java.lang.AssertionError: expected [true] but found [false]
at org.testng.Assert.fail(Assert.java:99)
at org.testng.Assert.failNotEquals(Assert.java:1037)
at org.testng.Assert.assertTrue(Assert.java:45)
at org.testng.Assert.assertTrue(Assert.java:55)
at dsalgo_Testscenarios.Arraypage_TC.arraysinpython(Arraypage_TC.java:55)
at java.base/jdk.internal.reflect.DirectMethodHandleAccessor.invoke(DirectMethodHandleAccessor.java:104)
at java.base/java.lang.reflect.Method.invoke(Method.java:578)
at org.testng.internal.MethodInvocationHelper.invokeMethod(MethodInvocationHelper.java:133)
at org.testng.internal.TestInvoker.invokeMethod(TestInvoker.java:598)
at org.testng.internal.TestInvoker.invokeTestMethod(TestInvoker.java:173)
at org.testng.internal.MethodRunner.runInSequence(MethodRunner.java:46)
at org.testng.internal.TestInvoker$MethodInvocationAgent.invoke(TestInvoker.java:824)
at org.testng.internal.TestInvoker.invokeTestMethods(TestInvoker.java:146)
at org.testng.internal.TestMethodWorker.invokeTestMethods(TestMethodWorker.java:146)
at org.testng.internal.TestMethodWorker.run(TestMethodWorker.java:128)
at java.base/java.util.ArrayList.forEach(ArrayList.java:1511)
at org.testng.TestRunner.privateRun(TestRunner.java:794)
at org.testng.TestRunner.run(TestRunner.java:596)
at org.testng.SuiteRunner.runTest(SuiteRunner.java:377)
at org.testng.SuiteRunner.runSequentially(SuiteRunner.java:371)
at org.testng.SuiteRunner.privateRun(SuiteRunner.java:332)
at org.testng.SuiteRunner.run(SuiteRunner.java:276)
at org.testng.SuiteRunnerWorker.runSuite(SuiteRunnerWorker.java:53)
at org.testng.SuiteRunnerWorker.run(SuiteRunnerWorker.java:96)
at org.testng.TestNG.runSuitesSequentially(TestNG.java:1212)
at org.testng.TestNG.runSuitesLocally(TestNG.java:1134)
at org.testng.TestNG.runSuites(TestNG.java:1063)
at org.testng.TestNG.run(TestNG.java:1031)
at org.testng.remote.AbstractRemoteTestNG.run(AbstractRemoteTestNG.java:115)
at org.testng.remote.RemoteTestNG.initAndRun(RemoteTestNG.java:251)
at org.testng.remote.RemoteTestNG.main(RemoteTestNG.java:77)
]]>
            </full-stacktrace>
          </exception> <!-- java.lang.AssertionError -->
          <reporter-output>
          </reporter-output>
        </test-method> <!-- arraysinpython -->
        <test-method signature="arraysusinglist(java.lang.String)[pri:3, instance:dsalgo_Testscenarios.Arraypage_TC@7e2f86e6]" started-at="2023-03-10T00:02:10 EST" name="arraysusinglist" data-provider="phytoncode" finished-at="2023-03-10T00:02:12 EST" duration-ms="2543" status="PASS">
          <params>
            <param index="0">
              <value>
                <![CDATA[grocery = ["apples", "banana", "cucumbers", "dates","strawberries"]
grocery.insert(2, "carrots")
print (grocery);]]>
              </value>
            </param>
          </params>
          <reporter-output>
          </reporter-output>
        </test-method> <!-- arraysusinglist -->
        <test-method signature="arraysusinglist(java.lang.String)[pri:3, instance:dsalgo_Testscenarios.Arraypage_TC@7e2f86e6]" started-at="2023-03-10T00:02:12 EST" name="arraysusinglist" data-provider="phytoncode" finished-at="2023-03-10T00:02:15 EST" duration-ms="3106" status="PASS">
          <params>
            <param index="0">
              <value>
                <![CDATA[print("apple")]]>
              </value>
            </param>
          </params>
          <reporter-output>
          </reporter-output>
        </test-method> <!-- arraysusinglist -->
        <test-method signature="arraysusinglist(java.lang.String)[pri:3, instance:dsalgo_Testscenarios.Arraypage_TC@7e2f86e6]" started-at="2023-03-10T00:02:15 EST" name="arraysusinglist" data-provider="phytoncode" finished-at="2023-03-10T00:02:20 EST" duration-ms="4479" status="FAIL">
          <params>
            <param index="0">
              <value>
                <![CDATA[kanthi]]>
              </value>
            </param>
          </params>
          <exception class="java.lang.AssertionError">
            <message>
              <![CDATA[expected [true] but found [false]]]>
            </message>
            <full-stacktrace>
              <![CDATA[java.lang.AssertionError: expected [true] but found [false]
at org.testng.Assert.fail(Assert.java:99)
at org.testng.Assert.failNotEquals(Assert.java:1037)
at org.testng.Assert.assertTrue(Assert.java:45)
at org.testng.Assert.assertTrue(Assert.java:55)
at dsalgo_Testscenarios.Arraypage_TC.arraysusinglist(Arraypage_TC.java:85)
at java.base/jdk.internal.reflect.DirectMethodHandleAccessor.invoke(DirectMethodHandleAccessor.java:104)
at java.base/java.lang.reflect.Method.invoke(Method.java:578)
at org.testng.internal.MethodInvocationHelper.invokeMethod(MethodInvocationHelper.java:133)
at org.testng.internal.TestInvoker.invokeMethod(TestInvoker.java:598)
at org.testng.internal.TestInvoker.invokeTestMethod(TestInvoker.java:173)
at org.testng.internal.MethodRunner.runInSequence(MethodRunner.java:46)
at org.testng.internal.TestInvoker$MethodInvocationAgent.invoke(TestInvoker.java:824)
at org.testng.internal.TestInvoker.invokeTestMethods(TestInvoker.java:146)
at org.testng.internal.TestMethodWorker.invokeTestMethods(TestMethodWorker.java:146)
at org.testng.internal.TestMethodWorker.run(TestMethodWorker.java:128)
at java.base/java.util.ArrayList.forEach(ArrayList.java:1511)
at org.testng.TestRunner.privateRun(TestRunner.java:794)
at org.testng.TestRunner.run(TestRunner.java:596)
at org.testng.SuiteRunner.runTest(SuiteRunner.java:377)
at org.testng.SuiteRunner.runSequentially(SuiteRunner.java:371)
at org.testng.SuiteRunner.privateRun(SuiteRunner.java:332)
at org.testng.SuiteRunner.run(SuiteRunner.java:276)
at org.testng.SuiteRunnerWorker.runSuite(SuiteRunnerWorker.java:53)
at org.testng.SuiteRunnerWorker.run(SuiteRunnerWorker.java:96)
at org.testng.TestNG.runSuitesSequentially(TestNG.java:1212)
at org.testng.TestNG.runSuitesLocally(TestNG.java:1134)
at org.testng.TestNG.runSuites(TestNG.java:1063)
at org.testng.TestNG.run(TestNG.java:1031)
at org.testng.remote.AbstractRemoteTestNG.run(AbstractRemoteTestNG.java:115)
at org.testng.remote.RemoteTestNG.initAndRun(RemoteTestNG.java:251)
at org.testng.remote.RemoteTestNG.main(RemoteTestNG.java:77)
]]>
            </full-stacktrace>
          </exception> <!-- java.lang.AssertionError -->
          <reporter-output>
          </reporter-output>
        </test-method> <!-- arraysusinglist -->
        <test-method signature="Basic_Oprtations_list(java.lang.String)[pri:4, instance:dsalgo_Testscenarios.Arraypage_TC@7e2f86e6]" started-at="2023-03-10T00:02:20 EST" name="Basic_Oprtations_list" data-provider="phytoncode" finished-at="2023-03-10T00:02:23 EST" duration-ms="2589" status="PASS">
          <params>
            <param index="0">
              <value>
                <![CDATA[grocery = ["apples", "banana", "cucumbers", "dates","strawberries"]
grocery.insert(2, "carrots")
print (grocery);]]>
              </value>
            </param>
          </params>
          <reporter-output>
          </reporter-output>
        </test-method> <!-- Basic_Oprtations_list -->
        <test-method signature="Basic_Oprtations_list(java.lang.String)[pri:4, instance:dsalgo_Testscenarios.Arraypage_TC@7e2f86e6]" started-at="2023-03-10T00:02:23 EST" name="Basic_Oprtations_list" data-provider="phytoncode" finished-at="2023-03-10T00:02:25 EST" duration-ms="1596" status="PASS">
          <params>
            <param index="0">
              <value>
                <![CDATA[print("apple")]]>
              </value>
            </param>
          </params>
          <reporter-output>
          </reporter-output>
        </test-method> <!-- Basic_Oprtations_list -->
        <test-method signature="Basic_Oprtations_list(java.lang.String)[pri:4, instance:dsalgo_Testscenarios.Arraypage_TC@7e2f86e6]" started-at="2023-03-10T00:02:25 EST" name="Basic_Oprtations_list" data-provider="phytoncode" finished-at="2023-03-10T00:02:26 EST" duration-ms="1816" status="FAIL">
          <params>
            <param index="0">
              <value>
                <![CDATA[kanthi]]>
              </value>
            </param>
          </params>
          <exception class="java.lang.AssertionError">
            <message>
              <![CDATA[expected [true] but found [false]]]>
            </message>
            <full-stacktrace>
              <![CDATA[java.lang.AssertionError: expected [true] but found [false]
at org.testng.Assert.fail(Assert.java:99)
at org.testng.Assert.failNotEquals(Assert.java:1037)
at org.testng.Assert.assertTrue(Assert.java:45)
at org.testng.Assert.assertTrue(Assert.java:55)
at dsalgo_Testscenarios.Arraypage_TC.Basic_Oprtations_list(Arraypage_TC.java:113)
at java.base/jdk.internal.reflect.DirectMethodHandleAccessor.invoke(DirectMethodHandleAccessor.java:104)
at java.base/java.lang.reflect.Method.invoke(Method.java:578)
at org.testng.internal.MethodInvocationHelper.invokeMethod(MethodInvocationHelper.java:133)
at org.testng.internal.TestInvoker.invokeMethod(TestInvoker.java:598)
at org.testng.internal.TestInvoker.invokeTestMethod(TestInvoker.java:173)
at org.testng.internal.MethodRunner.runInSequence(MethodRunner.java:46)
at org.testng.internal.TestInvoker$MethodInvocationAgent.invoke(TestInvoker.java:824)
at org.testng.internal.TestInvoker.invokeTestMethods(TestInvoker.java:146)
at org.testng.internal.TestMethodWorker.invokeTestMethods(TestMethodWorker.java:146)
at org.testng.internal.TestMethodWorker.run(TestMethodWorker.java:128)
at java.base/java.util.ArrayList.forEach(ArrayList.java:1511)
at org.testng.TestRunner.privateRun(TestRunner.java:794)
at org.testng.TestRunner.run(TestRunner.java:596)
at org.testng.SuiteRunner.runTest(SuiteRunner.java:377)
at org.testng.SuiteRunner.runSequentially(SuiteRunner.java:371)
at org.testng.SuiteRunner.privateRun(SuiteRunner.java:332)
at org.testng.SuiteRunner.run(SuiteRunner.java:276)
at org.testng.SuiteRunnerWorker.runSuite(SuiteRunnerWorker.java:53)
at org.testng.SuiteRunnerWorker.run(SuiteRunnerWorker.java:96)
at org.testng.TestNG.runSuitesSequentially(TestNG.java:1212)
at org.testng.TestNG.runSuitesLocally(TestNG.java:1134)
at org.testng.TestNG.runSuites(TestNG.java:1063)
at org.testng.TestNG.run(TestNG.java:1031)
at org.testng.remote.AbstractRemoteTestNG.run(AbstractRemoteTestNG.java:115)
at org.testng.remote.RemoteTestNG.initAndRun(RemoteTestNG.java:251)
at org.testng.remote.RemoteTestNG.main(RemoteTestNG.java:77)
]]>
            </full-stacktrace>
          </exception> <!-- java.lang.AssertionError -->
          <reporter-output>
          </reporter-output>
        </test-method> <!-- Basic_Oprtations_list -->
        <test-method signature="Applications_of_Array(java.lang.String)[pri:5, instance:dsalgo_Testscenarios.Arraypage_TC@7e2f86e6]" started-at="2023-03-10T00:02:27 EST" name="Applications_of_Array" data-provider="phytoncode" finished-at="2023-03-10T00:02:32 EST" duration-ms="4354" status="PASS">
          <params>
            <param index="0">
              <value>
                <![CDATA[grocery = ["apples", "banana", "cucumbers", "dates","strawberries"]
grocery.insert(2, "carrots")
print (grocery);]]>
              </value>
            </param>
          </params>
          <reporter-output>
          </reporter-output>
        </test-method> <!-- Applications_of_Array -->
        <test-method signature="Applications_of_Array(java.lang.String)[pri:5, instance:dsalgo_Testscenarios.Arraypage_TC@7e2f86e6]" started-at="2023-03-10T00:02:32 EST" name="Applications_of_Array" data-provider="phytoncode" finished-at="2023-03-10T00:02:33 EST" duration-ms="1427" status="PASS">
          <params>
            <param index="0">
              <value>
                <![CDATA[print("apple")]]>
              </value>
            </param>
          </params>
          <reporter-output>
          </reporter-output>
        </test-method> <!-- Applications_of_Array -->
        <test-method signature="Applications_of_Array(java.lang.String)[pri:5, instance:dsalgo_Testscenarios.Arraypage_TC@7e2f86e6]" started-at="2023-03-10T00:02:33 EST" name="Applications_of_Array" data-provider="phytoncode" finished-at="2023-03-10T00:02:35 EST" duration-ms="1296" status="FAIL">
          <params>
            <param index="0">
              <value>
                <![CDATA[kanthi]]>
              </value>
            </param>
          </params>
          <exception class="java.lang.AssertionError">
            <message>
              <![CDATA[expected [true] but found [false]]]>
            </message>
            <full-stacktrace>
              <![CDATA[java.lang.AssertionError: expected [true] but found [false]
at org.testng.Assert.fail(Assert.java:99)
at org.testng.Assert.failNotEquals(Assert.java:1037)
at org.testng.Assert.assertTrue(Assert.java:45)
at org.testng.Assert.assertTrue(Assert.java:55)
at dsalgo_Testscenarios.Arraypage_TC.Applications_of_Array(Arraypage_TC.java:141)
at java.base/jdk.internal.reflect.DirectMethodHandleAccessor.invoke(DirectMethodHandleAccessor.java:104)
at java.base/java.lang.reflect.Method.invoke(Method.java:578)
at org.testng.internal.MethodInvocationHelper.invokeMethod(MethodInvocationHelper.java:133)
at org.testng.internal.TestInvoker.invokeMethod(TestInvoker.java:598)
at org.testng.internal.TestInvoker.invokeTestMethod(TestInvoker.java:173)
at org.testng.internal.MethodRunner.runInSequence(MethodRunner.java:46)
at org.testng.internal.TestInvoker$MethodInvocationAgent.invoke(TestInvoker.java:824)
at org.testng.internal.TestInvoker.invokeTestMethods(TestInvoker.java:146)
at org.testng.internal.TestMethodWorker.invokeTestMethods(TestMethodWorker.java:146)
at org.testng.internal.TestMethodWorker.run(TestMethodWorker.java:128)
at java.base/java.util.ArrayList.forEach(ArrayList.java:1511)
at org.testng.TestRunner.privateRun(TestRunner.java:794)
at org.testng.TestRunner.run(TestRunner.java:596)
at org.testng.SuiteRunner.runTest(SuiteRunner.java:377)
at org.testng.SuiteRunner.runSequentially(SuiteRunner.java:371)
at org.testng.SuiteRunner.privateRun(SuiteRunner.java:332)
at org.testng.SuiteRunner.run(SuiteRunner.java:276)
at org.testng.SuiteRunnerWorker.runSuite(SuiteRunnerWorker.java:53)
at org.testng.SuiteRunnerWorker.run(SuiteRunnerWorker.java:96)
at org.testng.TestNG.runSuitesSequentially(TestNG.java:1212)
at org.testng.TestNG.runSuitesLocally(TestNG.java:1134)
at org.testng.TestNG.runSuites(TestNG.java:1063)
at org.testng.TestNG.run(TestNG.java:1031)
at org.testng.remote.AbstractRemoteTestNG.run(AbstractRemoteTestNG.java:115)
at org.testng.remote.RemoteTestNG.initAndRun(RemoteTestNG.java:251)
at org.testng.remote.RemoteTestNG.main(RemoteTestNG.java:77)
]]>
            </full-stacktrace>
          </exception> <!-- java.lang.AssertionError -->
          <reporter-output>
          </reporter-output>
        </test-method> <!-- Applications_of_Array -->
        <test-method signature="Practice_Questions()[pri:6, instance:dsalgo_Testscenarios.Arraypage_TC@7e2f86e6]" started-at="2023-03-10T00:02:35 EST" name="Practice_Questions" finished-at="2023-03-10T00:02:36 EST" duration-ms="720" status="FAIL">
          <exception class="java.lang.AssertionError">
            <message>
              <![CDATA[expected [true] but found [false]]]>
            </message>
            <full-stacktrace>
              <![CDATA[java.lang.AssertionError: expected [true] but found [false]
at org.testng.Assert.fail(Assert.java:99)
at org.testng.Assert.failNotEquals(Assert.java:1037)
at org.testng.Assert.assertTrue(Assert.java:45)
at org.testng.Assert.assertTrue(Assert.java:55)
at dsalgo_Testscenarios.Arraypage_TC.assertverify_practiceq(Arraypage_TC.java:291)
at dsalgo_Testscenarios.Arraypage_TC.Practice_Questions(Arraypage_TC.java:157)
at java.base/jdk.internal.reflect.DirectMethodHandleAccessor.invoke(DirectMethodHandleAccessor.java:104)
at java.base/java.lang.reflect.Method.invoke(Method.java:578)
at org.testng.internal.MethodInvocationHelper.invokeMethod(MethodInvocationHelper.java:133)
at org.testng.internal.TestInvoker.invokeMethod(TestInvoker.java:598)
at org.testng.internal.TestInvoker.invokeTestMethod(TestInvoker.java:173)
at org.testng.internal.MethodRunner.runInSequence(MethodRunner.java:46)
at org.testng.internal.TestInvoker$MethodInvocationAgent.invoke(TestInvoker.java:824)
at org.testng.internal.TestInvoker.invokeTestMethods(TestInvoker.java:146)
at org.testng.internal.TestMethodWorker.invokeTestMethods(TestMethodWorker.java:146)
at org.testng.internal.TestMethodWorker.run(TestMethodWorker.java:128)
at java.base/java.util.ArrayList.forEach(ArrayList.java:1511)
at org.testng.TestRunner.privateRun(TestRunner.java:794)
at org.testng.TestRunner.run(TestRunner.java:596)
at org.testng.SuiteRunner.runTest(SuiteRunner.java:377)
at org.testng.SuiteRunner.runSequentially(SuiteRunner.java:371)
at org.testng.SuiteRunner.privateRun(SuiteRunner.java:332)
at org.testng.SuiteRunner.run(SuiteRunner.java:276)
at org.testng.SuiteRunnerWorker.runSuite(SuiteRunnerWorker.java:53)
at org.testng.SuiteRunnerWorker.run(SuiteRunnerWorker.java:96)
at org.testng.TestNG.runSuitesSequentially(TestNG.java:1212)
at org.testng.TestNG.runSuitesLocally(TestNG.java:1134)
at org.testng.TestNG.runSuites(TestNG.java:1063)
at org.testng.TestNG.run(TestNG.java:1031)
at org.testng.remote.AbstractRemoteTestNG.run(AbstractRemoteTestNG.java:115)
at org.testng.remote.RemoteTestNG.initAndRun(RemoteTestNG.java:251)
at org.testng.remote.RemoteTestNG.main(RemoteTestNG.java:77)
]]>
            </full-stacktrace>
          </exception> <!-- java.lang.AssertionError -->
          <reporter-output>
          </reporter-output>
        </test-method> <!-- Practice_Questions -->
        <test-method signature="Final()[pri:11, instance:dsalgo_Testscenarios.Arraypage_TC@7e2f86e6]" started-at="2023-03-10T00:02:36 EST" name="Final" finished-at="2023-03-10T00:02:36 EST" duration-ms="262" status="PASS">
          <reporter-output>
          </reporter-output>
        </test-method> <!-- Final -->
      </class> <!-- dsalgo_Testscenarios.Arraypage_TC -->
      <class name="dsalgo_Testscenarios.Tree_TC">
        <test-method is-config="true" signature="setup(java.lang.String)[pri:0, instance:dsalgo_Testscenarios.Tree_TC@5136207f]" started-at="2023-03-10T00:03:02 EST" name="setup" finished-at="2023-03-10T00:03:02 EST" duration-ms="0" status="PASS">
          <params>
            <param index="0">
              <value>
                <![CDATA[chrome]]>
              </value>
            </param>
          </params>
          <reporter-output>
          </reporter-output>
        </test-method> <!-- setup -->
        <test-method signature="Tree()[pri:1, instance:dsalgo_Testscenarios.Tree_TC@5136207f]" started-at="2023-03-10T00:03:02 EST" name="Tree" finished-at="2023-03-10T00:03:08 EST" duration-ms="6298" status="PASS">
          <reporter-output>
          </reporter-output>
        </test-method> <!-- Tree -->
        <test-method signature="Tree_TextEditor(java.lang.String)[pri:2, instance:dsalgo_Testscenarios.Tree_TC@5136207f]" started-at="2023-03-10T00:03:08 EST" name="Tree_TextEditor" data-provider="Python" finished-at="2023-03-10T00:03:10 EST" duration-ms="2576" status="PASS">
          <params>
            <param index="0">
              <value>
                <![CDATA[print("Success")]]>
              </value>
            </param>
          </params>
          <reporter-output>
          </reporter-output>
        </test-method> <!-- Tree_TextEditor -->
        <test-method signature="back_to_Home()[pri:3, instance:dsalgo_Testscenarios.Tree_TC@5136207f]" started-at="2023-03-10T00:03:10 EST" name="back_to_Home" finished-at="2023-03-10T00:03:13 EST" duration-ms="2185" status="PASS">
          <reporter-output>
          </reporter-output>
        </test-method> <!-- back_to_Home -->
      </class> <!-- dsalgo_Testscenarios.Tree_TC -->
      <class name="dsalgo_Testscenarios.Login_TC">
        <test-method is-config="true" signature="setup(java.lang.String)[pri:0, instance:dsalgo_Testscenarios.Login_TC@289fdb08]" started-at="2023-03-10T00:01:34 EST" name="setup" finished-at="2023-03-10T00:01:46 EST" duration-ms="11715" status="PASS">
          <params>
            <param index="0">
              <value>
                <![CDATA[chrome]]>
              </value>
            </param>
          </params>
          <reporter-output>
          </reporter-output>
        </test-method> <!-- setup -->
        <test-method signature="a_opensign_inpage()[pri:1, instance:dsalgo_Testscenarios.Login_TC@289fdb08]" started-at="2023-03-10T00:01:46 EST" name="a_opensign_inpage" finished-at="2023-03-10T00:01:51 EST" duration-ms="5119" status="PASS">
          <reporter-output>
          </reporter-output>
        </test-method> <!-- a_opensign_inpage -->
        <test-method signature="sign_inpage()[pri:2, instance:dsalgo_Testscenarios.Login_TC@289fdb08]" started-at="2023-03-10T00:01:51 EST" name="sign_inpage" finished-at="2023-03-10T00:01:52 EST" duration-ms="569" status="PASS">
          <reporter-output>
          </reporter-output>
        </test-method> <!-- sign_inpage -->
        <test-method signature="aa_loginDDT(java.lang.String,java.lang.String)[pri:3, instance:dsalgo_Testscenarios.Login_TC@289fdb08]" started-at="2023-03-10T00:01:55 EST" name="aa_loginDDT" data-provider="Valid_Logindata" finished-at="2023-03-10T00:01:56 EST" duration-ms="1566" status="FAIL">
          <params>
            <param index="0">
              <value>
                <![CDATA[facebook]]>
              </value>
            </param>
            <param index="1">
              <value>
                <![CDATA[Webisite@1]]>
              </value>
            </param>
          </params>
          <exception class="java.lang.AssertionError">
            <message>
              <![CDATA[expected [true] but found [false]]]>
            </message>
            <full-stacktrace>
              <![CDATA[java.lang.AssertionError: expected [true] but found [false]
at org.testng.Assert.fail(Assert.java:99)
at org.testng.Assert.failNotEquals(Assert.java:1037)
at org.testng.Assert.assertTrue(Assert.java:45)
at org.testng.Assert.assertTrue(Assert.java:55)
at dsalgo_Testscenarios.Login_TC.aa_loginDDT(Login_TC.java:71)
at java.base/jdk.internal.reflect.DirectMethodHandleAccessor.invoke(DirectMethodHandleAccessor.java:104)
at java.base/java.lang.reflect.Method.invoke(Method.java:578)
at org.testng.internal.MethodInvocationHelper.invokeMethod(MethodInvocationHelper.java:133)
at org.testng.internal.TestInvoker.invokeMethod(TestInvoker.java:598)
at org.testng.internal.TestInvoker.invokeTestMethod(TestInvoker.java:173)
at org.testng.internal.MethodRunner.runInSequence(MethodRunner.java:46)
at org.testng.internal.TestInvoker$MethodInvocationAgent.invoke(TestInvoker.java:824)
at org.testng.internal.TestInvoker.invokeTestMethods(TestInvoker.java:146)
at org.testng.internal.TestMethodWorker.invokeTestMethods(TestMethodWorker.java:146)
at org.testng.internal.TestMethodWorker.run(TestMethodWorker.java:128)
at java.base/java.util.ArrayList.forEach(ArrayList.java:1511)
at org.testng.TestRunner.privateRun(TestRunner.java:794)
at org.testng.TestRunner.run(TestRunner.java:596)
at org.testng.SuiteRunner.runTest(SuiteRunner.java:377)
at org.testng.SuiteRunner.runSequentially(SuiteRunner.java:371)
at org.testng.SuiteRunner.privateRun(SuiteRunner.java:332)
at org.testng.SuiteRunner.run(SuiteRunner.java:276)
at org.testng.SuiteRunnerWorker.runSuite(SuiteRunnerWorker.java:53)
at org.testng.SuiteRunnerWorker.run(SuiteRunnerWorker.java:96)
at org.testng.TestNG.runSuitesSequentially(TestNG.java:1212)
at org.testng.TestNG.runSuitesLocally(TestNG.java:1134)
at org.testng.TestNG.runSuites(TestNG.java:1063)
at org.testng.TestNG.run(TestNG.java:1031)
at org.testng.remote.AbstractRemoteTestNG.run(AbstractRemoteTestNG.java:115)
at org.testng.remote.RemoteTestNG.initAndRun(RemoteTestNG.java:251)
at org.testng.remote.RemoteTestNG.main(RemoteTestNG.java:77)
]]>
            </full-stacktrace>
          </exception> <!-- java.lang.AssertionError -->
          <reporter-output>
          </reporter-output>
        </test-method> <!-- aa_loginDDT -->
        <test-method signature="aa_loginDDT(java.lang.String,java.lang.String)[pri:3, instance:dsalgo_Testscenarios.Login_TC@289fdb08]" started-at="2023-03-10T00:01:57 EST" name="aa_loginDDT" data-provider="Valid_Logindata" finished-at="2023-03-10T00:01:58 EST" duration-ms="1442" status="PASS">
          <params>
            <param index="0">
              <value>
                <![CDATA[facebook2]]>
              </value>
            </param>
            <param index="1">
              <value>
                <![CDATA[Webisite@2]]>
              </value>
            </param>
          </params>
          <reporter-output>
          </reporter-output>
        </test-method> <!-- aa_loginDDT -->
        <test-method is-config="true" signature="quit()[pri:0, instance:dsalgo_Testscenarios.Login_TC@289fdb08]" started-at="2023-03-10T00:03:21 EST" name="quit" finished-at="2023-03-10T00:03:23 EST" duration-ms="1593" status="PASS">
          <reporter-output>
          </reporter-output>
        </test-method> <!-- quit -->
      </class> <!-- dsalgo_Testscenarios.Login_TC -->
      <class name="dsalgo_Testscenarios.Queue_TC">
        <test-method is-config="true" signature="setup(java.lang.String)[pri:0, instance:dsalgo_Testscenarios.Queue_TC@53ac845a]" started-at="2023-03-10T00:02:54 EST" name="setup" finished-at="2023-03-10T00:02:54 EST" duration-ms="3" status="PASS">
          <params>
            <param index="0">
              <value>
                <![CDATA[chrome]]>
              </value>
            </param>
          </params>
          <reporter-output>
          </reporter-output>
        </test-method> <!-- setup -->
        <test-method signature="b_Queuepage()[pri:1, instance:dsalgo_Testscenarios.Queue_TC@53ac845a]" started-at="2023-03-10T00:02:54 EST" name="b_Queuepage" finished-at="2023-03-10T00:02:56 EST" duration-ms="1351" status="PASS">
          <reporter-output>
          </reporter-output>
        </test-method> <!-- b_Queuepage -->
        <test-method signature="exutePythonCode(java.lang.String)[pri:2, instance:dsalgo_Testscenarios.Queue_TC@53ac845a]" started-at="2023-03-10T00:02:56 EST" name="exutePythonCode" data-provider="Python_Code" finished-at="2023-03-10T00:02:57 EST" duration-ms="807" status="PASS">
          <params>
            <param index="0">
              <value>
                <![CDATA[print("Success")]]>
              </value>
            </param>
          </params>
          <reporter-output>
          </reporter-output>
        </test-method> <!-- exutePythonCode -->
        <test-method signature="exuteCollectionse(java.lang.String)[pri:3, instance:dsalgo_Testscenarios.Queue_TC@53ac845a]" started-at="2023-03-10T00:02:57 EST" name="exuteCollectionse" data-provider="Python_Code" finished-at="2023-03-10T00:02:58 EST" duration-ms="1082" status="PASS">
          <params>
            <param index="0">
              <value>
                <![CDATA[print("Success")]]>
              </value>
            </param>
          </params>
          <reporter-output>
          </reporter-output>
        </test-method> <!-- exuteCollectionse -->
        <test-method signature="excuteusingarray(java.lang.String)[pri:4, instance:dsalgo_Testscenarios.Queue_TC@53ac845a]" started-at="2023-03-10T00:02:58 EST" name="excuteusingarray" data-provider="Python_Code" finished-at="2023-03-10T00:02:59 EST" duration-ms="1397" status="PASS">
          <params>
            <param index="0">
              <value>
                <![CDATA[print("Success")]]>
              </value>
            </param>
          </params>
          <reporter-output>
          </reporter-output>
        </test-method> <!-- excuteusingarray -->
        <test-method signature="excuteQueueOperation(java.lang.String)[pri:5, instance:dsalgo_Testscenarios.Queue_TC@53ac845a]" started-at="2023-03-10T00:02:59 EST" name="excuteQueueOperation" data-provider="Python_Code" finished-at="2023-03-10T00:03:01 EST" duration-ms="1172" status="PASS">
          <params>
            <param index="0">
              <value>
                <![CDATA[print("Success")]]>
              </value>
            </param>
          </params>
          <reporter-output>
          </reporter-output>
        </test-method> <!-- excuteQueueOperation -->
        <test-method signature="excutepracticequestions()[pri:6, instance:dsalgo_Testscenarios.Queue_TC@53ac845a]" started-at="2023-03-10T00:03:01 EST" name="excutepracticequestions" finished-at="2023-03-10T00:03:02 EST" duration-ms="842" status="PASS">
          <reporter-output>
          </reporter-output>
        </test-method> <!-- excutepracticequestions -->
      </class> <!-- dsalgo_Testscenarios.Queue_TC -->
    </test> <!-- Test -->
  </suite> <!-- Suite -->
</testng-results>
